<?xml version="1.0" encoding="UTF-8"?>
<robot generator="Robot 6.1.1 (Python 3.11.7 on win32)" generated="20231215 15:27:19.805" rpa="true" schemaversion="4">
<suite id="s1" name="Tasks" source="C:\Users\zcheveste\Desktop\robot_estacionamiento\devengadoestacionamiento\tasks.robot">
<test id="s1-t1" name="Open Major desktop application and play a app" line="32">
<kw name="Creacion de Carpetas">
<kw name="Open Workbook" library="RPA.Excel.Files">
<arg>${diccionario}</arg>
<doc>Open an existing Excel workbook.</doc>
<msg timestamp="20231215 15:27:20.602" level="INFO">Opened workbook: &lt;RPA.Excel.Files.XlsxWorkbook object at 0x0000028B80CC7290&gt;</msg>
<status status="PASS" starttime="20231215 15:27:20.586" endtime="20231215 15:27:20.602"/>
</kw>
<kw name="Get Cell Value" library="RPA.Excel.Files">
<var>${descargas}</var>
<arg>2</arg>
<arg>B</arg>
<doc>Get a cell value in the given worksheet.</doc>
<msg timestamp="20231215 15:27:20.602" level="INFO">${descargas} = C:\\Users\\zcheveste\\Documents</msg>
<status status="PASS" starttime="20231215 15:27:20.602" endtime="20231215 15:27:20.602"/>
</kw>
<kw name="Get Current Date" library="DateTime">
<var>${fecha_hoy}</var>
<doc>Returns current local or UTC time with an optional increment.</doc>
<msg timestamp="20231215 15:27:20.602" level="INFO">${fecha_hoy} = 2023-12-15 15:27:20.602</msg>
<status status="PASS" starttime="20231215 15:27:20.602" endtime="20231215 15:27:20.602"/>
</kw>
<kw name="Convert Date" library="DateTime">
<var>${año}</var>
<arg>${fecha_hoy}</arg>
<arg>%Y</arg>
<doc>Converts between supported `date formats`.</doc>
<msg timestamp="20231215 15:27:20.602" level="INFO">${año} = 2023</msg>
<status status="PASS" starttime="20231215 15:27:20.602" endtime="20231215 15:27:20.602"/>
</kw>
<kw name="Convert Date" library="DateTime">
<var>${mes}</var>
<arg>${fecha_hoy}</arg>
<arg>%m</arg>
<doc>Converts between supported `date formats`.</doc>
<msg timestamp="20231215 15:27:20.602" level="INFO">${mes} = 12</msg>
<status status="PASS" starttime="20231215 15:27:20.602" endtime="20231215 15:27:20.602"/>
</kw>
<kw name="Convert Date" library="DateTime">
<var>${día}</var>
<arg>${fecha_hoy}</arg>
<arg>%d</arg>
<doc>Converts between supported `date formats`.</doc>
<msg timestamp="20231215 15:27:20.602" level="INFO">${día} = 15</msg>
<status status="PASS" starttime="20231215 15:27:20.602" endtime="20231215 15:27:20.602"/>
</kw>
<kw name="Set Variable" library="BuiltIn">
<var>${ruta_año}</var>
<arg>${descargas}\\${año}</arg>
<doc>Returns the given values which can then be assigned to a variables.</doc>
<msg timestamp="20231215 15:27:20.602" level="INFO">${ruta_año} = C:\\Users\\zcheveste\\Documents\2023</msg>
<status status="PASS" starttime="20231215 15:27:20.602" endtime="20231215 15:27:20.602"/>
</kw>
<kw name="Set Variable" library="BuiltIn">
<var>${ruta_mes}</var>
<arg>${ruta_año}\\${mes}</arg>
<doc>Returns the given values which can then be assigned to a variables.</doc>
<msg timestamp="20231215 15:27:20.602" level="INFO">${ruta_mes} = C:\\Users\\zcheveste\\Documents\2023\12</msg>
<status status="PASS" starttime="20231215 15:27:20.602" endtime="20231215 15:27:20.602"/>
</kw>
<kw name="Set Variable" library="BuiltIn">
<var>${ruta_dia}</var>
<arg>${ruta_mes}\\${día}</arg>
<doc>Returns the given values which can then be assigned to a variables.</doc>
<msg timestamp="20231215 15:27:20.602" level="INFO">${ruta_dia} = C:\\Users\\zcheveste\\Documents\2023\12\15</msg>
<status status="PASS" starttime="20231215 15:27:20.602" endtime="20231215 15:27:20.602"/>
</kw>
<kw name="Set Variable" library="BuiltIn">
<var>${ruta_carpeta}</var>
<arg>${ruta_dia}\\${nombre_carpeta}</arg>
<doc>Returns the given values which can then be assigned to a variables.</doc>
<msg timestamp="20231215 15:27:20.602" level="INFO">${ruta_carpeta} = C:\\Users\\zcheveste\\Documents\2023\12\15\DevengadosPdfEstacionamiento</msg>
<status status="PASS" starttime="20231215 15:27:20.602" endtime="20231215 15:27:20.602"/>
</kw>
<kw name="Run Keyword And Return Status" library="BuiltIn">
<var>${existe_carpeta_año}</var>
<arg>Directory Should Exist</arg>
<arg>${ruta_año}</arg>
<doc>Runs the given keyword with given arguments and returns the status as a Boolean value.</doc>
<kw name="Directory Should Exist" library="OperatingSystem">
<arg>${ruta_año}</arg>
<doc>Fails unless the given path points to an existing directory.</doc>
<msg timestamp="20231215 15:27:20.602" level="INFO" html="true">Directory '&lt;a href="file://C:\Users\zcheveste\Documents\2023"&gt;C:\Users\zcheveste\Documents\2023&lt;/a&gt;' exists.</msg>
<status status="PASS" starttime="20231215 15:27:20.602" endtime="20231215 15:27:20.602"/>
</kw>
<msg timestamp="20231215 15:27:20.602" level="INFO">${existe_carpeta_año} = True</msg>
<status status="PASS" starttime="20231215 15:27:20.602" endtime="20231215 15:27:20.602"/>
</kw>
<kw name="Run Keyword If" library="BuiltIn">
<arg>not ${existe_carpeta_año}</arg>
<arg>Create Directory</arg>
<arg>${ruta_año}</arg>
<doc>Runs the given keyword with the given arguments, if ``condition`` is true.</doc>
<status status="PASS" starttime="20231215 15:27:20.602" endtime="20231215 15:27:20.602"/>
</kw>
<kw name="Run Keyword And Return Status" library="BuiltIn">
<var>${existe_carpeta_mes}</var>
<arg>Directory Should Exist</arg>
<arg>${ruta_mes}</arg>
<doc>Runs the given keyword with given arguments and returns the status as a Boolean value.</doc>
<kw name="Directory Should Exist" library="OperatingSystem">
<arg>${ruta_mes}</arg>
<doc>Fails unless the given path points to an existing directory.</doc>
<msg timestamp="20231215 15:27:20.602" level="INFO" html="true">Directory '&lt;a href="file://C:\Users\zcheveste\Documents\2023\12"&gt;C:\Users\zcheveste\Documents\2023\12&lt;/a&gt;' exists.</msg>
<status status="PASS" starttime="20231215 15:27:20.602" endtime="20231215 15:27:20.602"/>
</kw>
<msg timestamp="20231215 15:27:20.602" level="INFO">${existe_carpeta_mes} = True</msg>
<status status="PASS" starttime="20231215 15:27:20.602" endtime="20231215 15:27:20.602"/>
</kw>
<kw name="Run Keyword If" library="BuiltIn">
<arg>not ${existe_carpeta_mes}</arg>
<arg>Create Directory</arg>
<arg>${ruta_mes}</arg>
<doc>Runs the given keyword with the given arguments, if ``condition`` is true.</doc>
<status status="PASS" starttime="20231215 15:27:20.602" endtime="20231215 15:27:20.602"/>
</kw>
<kw name="Run Keyword And Return Status" library="BuiltIn">
<var>${existe_carpeta_día}</var>
<arg>Directory Should Exist</arg>
<arg>${ruta_dia}</arg>
<doc>Runs the given keyword with given arguments and returns the status as a Boolean value.</doc>
<kw name="Directory Should Exist" library="OperatingSystem">
<arg>${ruta_dia}</arg>
<doc>Fails unless the given path points to an existing directory.</doc>
<msg timestamp="20231215 15:27:20.602" level="INFO" html="true">Directory '&lt;a href="file://C:\Users\zcheveste\Documents\2023\12\15"&gt;C:\Users\zcheveste\Documents\2023\12\15&lt;/a&gt;' exists.</msg>
<status status="PASS" starttime="20231215 15:27:20.602" endtime="20231215 15:27:20.602"/>
</kw>
<msg timestamp="20231215 15:27:20.602" level="INFO">${existe_carpeta_día} = True</msg>
<status status="PASS" starttime="20231215 15:27:20.602" endtime="20231215 15:27:20.602"/>
</kw>
<kw name="Run Keyword If" library="BuiltIn">
<arg>not ${existe_carpeta_día}</arg>
<arg>Create Directory</arg>
<arg>${ruta_dia}</arg>
<doc>Runs the given keyword with the given arguments, if ``condition`` is true.</doc>
<status status="PASS" starttime="20231215 15:27:20.602" endtime="20231215 15:27:20.602"/>
</kw>
<kw name="Run Keyword And Return Status" library="BuiltIn">
<var>${existe_carpeta_especifica}</var>
<arg>Directory Should Exist</arg>
<arg>${ruta_carpeta}</arg>
<doc>Runs the given keyword with given arguments and returns the status as a Boolean value.</doc>
<kw name="Directory Should Exist" library="OperatingSystem">
<arg>${ruta_carpeta}</arg>
<doc>Fails unless the given path points to an existing directory.</doc>
<msg timestamp="20231215 15:27:20.602" level="INFO" html="true">Directory '&lt;a href="file://C:\Users\zcheveste\Documents\2023\12\15\DevengadosPdfEstacionamiento"&gt;C:\Users\zcheveste\Documents\2023\12\15\DevengadosPdfEstacionamiento&lt;/a&gt;' exists.</msg>
<status status="PASS" starttime="20231215 15:27:20.602" endtime="20231215 15:27:20.602"/>
</kw>
<msg timestamp="20231215 15:27:20.602" level="INFO">${existe_carpeta_especifica} = True</msg>
<status status="PASS" starttime="20231215 15:27:20.602" endtime="20231215 15:27:20.602"/>
</kw>
<kw name="Run Keyword If" library="BuiltIn">
<arg>not ${existe_carpeta_especifica}</arg>
<arg>Create Directory</arg>
<arg>${ruta_carpeta}</arg>
<doc>Runs the given keyword with the given arguments, if ``condition`` is true.</doc>
<status status="PASS" starttime="20231215 15:27:20.602" endtime="20231215 15:27:20.602"/>
</kw>
<kw name="Close Workbook" library="RPA.Excel.Files">
<doc>Close the active workbook.</doc>
<msg timestamp="20231215 15:27:20.602" level="INFO">Closing workbook: &lt;RPA.Excel.Files.XlsxWorkbook object at 0x0000028B80CC7290&gt;</msg>
<status status="PASS" starttime="20231215 15:27:20.602" endtime="20231215 15:27:20.602"/>
</kw>
<status status="PASS" starttime="20231215 15:27:20.586" endtime="20231215 15:27:20.602"/>
</kw>
<kw name="Carga de datos">
<kw name="Open Workbook" library="RPA.Excel.Files">
<arg>${diccionario}</arg>
<doc>Open an existing Excel workbook.</doc>
<msg timestamp="20231215 15:27:20.602" level="INFO">Opened workbook: &lt;RPA.Excel.Files.XlsxWorkbook object at 0x0000028B80CF3FD0&gt;</msg>
<status status="PASS" starttime="20231215 15:27:20.602" endtime="20231215 15:27:20.602"/>
</kw>
<kw name="Get Cell Value" library="RPA.Excel.Files">
<var>${descargas}</var>
<arg>2</arg>
<arg>B</arg>
<doc>Get a cell value in the given worksheet.</doc>
<msg timestamp="20231215 15:27:20.602" level="INFO">${descargas} = C:\\Users\\zcheveste\\Documents</msg>
<status status="PASS" starttime="20231215 15:27:20.602" endtime="20231215 15:27:20.602"/>
</kw>
<kw name="Get Cell Value" library="RPA.Excel.Files">
<var>${excel_matriz}</var>
<arg>3</arg>
<arg>B</arg>
<doc>Get a cell value in the given worksheet.</doc>
<msg timestamp="20231215 15:27:20.618" level="INFO">${excel_matriz} = C:\\Users\\zcheveste\\Desktop\\robot_estacionamiento\\compromisoestacionamiento\\Excels\\matriz_central.xlsx</msg>
<status status="PASS" starttime="20231215 15:27:20.602" endtime="20231215 15:27:20.618"/>
</kw>
<kw name="Get Cell Value" library="RPA.Excel.Files">
<var>${matriz_hoja}</var>
<arg>4</arg>
<arg>B</arg>
<doc>Get a cell value in the given worksheet.</doc>
<msg timestamp="20231215 15:27:20.618" level="INFO">${matriz_hoja} = ESTACIONAMIENTO</msg>
<status status="PASS" starttime="20231215 15:27:20.618" endtime="20231215 15:27:20.618"/>
</kw>
<kw name="Get Cell Value" library="RPA.Excel.Files">
<var>${usuario}</var>
<arg>5</arg>
<arg>B</arg>
<doc>Get a cell value in the given worksheet.</doc>
<msg timestamp="20231215 15:27:20.618" level="INFO">${usuario} = KTURKI</msg>
<status status="PASS" starttime="20231215 15:27:20.618" endtime="20231215 15:27:20.618"/>
</kw>
<kw name="Get Cell Value" library="RPA.Excel.Files">
<var>${contraseña}</var>
<arg>6</arg>
<arg>B</arg>
<doc>Get a cell value in the given worksheet.</doc>
<msg timestamp="20231215 15:27:20.618" level="INFO">${contraseña} = 37792827</msg>
<status status="PASS" starttime="20231215 15:27:20.618" endtime="20231215 15:27:20.618"/>
</kw>
<kw name="Get Cell Value" library="RPA.Excel.Files">
<var>${excel_factura}</var>
<arg>7</arg>
<arg>B</arg>
<doc>Get a cell value in the given worksheet.</doc>
<msg timestamp="20231215 15:27:20.618" level="INFO">${excel_factura} = C:\\Users\\zcheveste\\Desktop\\robot_estacionamiento\\MATRIZ ESTACIONAMIENTO INTELIGENTE.xlsx</msg>
<status status="PASS" starttime="20231215 15:27:20.618" endtime="20231215 15:27:20.618"/>
</kw>
<kw name="Get Cell Value" library="RPA.Excel.Files">
<var>${factura_hoja}</var>
<arg>8</arg>
<arg>B</arg>
<doc>Get a cell value in the given worksheet.</doc>
<msg timestamp="20231215 15:27:20.618" level="INFO">${factura_hoja} = S 25-11 a 1-12</msg>
<status status="PASS" starttime="20231215 15:27:20.618" endtime="20231215 15:27:20.618"/>
</kw>
<kw name="Get Cell Value" library="RPA.Excel.Files">
<var>${observacion}</var>
<arg>9</arg>
<arg>B</arg>
<doc>Get a cell value in the given worksheet.</doc>
<msg timestamp="20231215 15:27:20.618" level="INFO">${observacion} = COMISION POR SERVICIO DE VENTAS Y COBRANZAS DE CREDITOS PARA EL USO DE ESTACIONAMIENTO INTELIGENTE</msg>
<status status="PASS" starttime="20231215 15:27:20.618" endtime="20231215 15:27:20.618"/>
</kw>
<kw name="Get Cell Value" library="RPA.Excel.Files">
<var>${periodo}</var>
<arg>10</arg>
<arg>B</arg>
<doc>Get a cell value in the given worksheet.</doc>
<msg timestamp="20231215 15:27:20.618" level="INFO">${periodo} = PERIODO 25-11-2023 AL 01-12-2023</msg>
<status status="PASS" starttime="20231215 15:27:20.618" endtime="20231215 15:27:20.618"/>
</kw>
<kw name="Open Workbook" library="RPA.Excel.Files">
<arg>${excel_factura}</arg>
<doc>Open an existing Excel workbook.</doc>
<msg timestamp="20231215 15:27:20.618" level="INFO">Closing workbook: &lt;RPA.Excel.Files.XlsxWorkbook object at 0x0000028B80CF3FD0&gt;</msg>
<msg timestamp="20231215 15:27:20.633" level="INFO">Opened workbook: &lt;RPA.Excel.Files.XlsxWorkbook object at 0x0000028B80CF3FD0&gt;</msg>
<status status="PASS" starttime="20231215 15:27:20.618" endtime="20231215 15:27:20.633"/>
</kw>
<kw name="Read Worksheet As Table" library="RPA.Excel.Files">
<var>${data_as_table}</var>
<arg>${factura_hoja}</arg>
<arg>header=True</arg>
<doc>Read the contents of a worksheet into a Table container. Allows
sorting/filtering/manipulating using the ``RPA.Tables`` library.</doc>
<msg timestamp="20231215 15:27:20.633" level="INFO">Created table: Table(columns=['SERVICIO', 'PROVEEDOR', 'TIPO', 'PROV TIPO', 'NUMERO', 'JURISDICCION', 'CAT.PROG', 'FF', 'OG', 'OFI', 'TIPO FACTURA', 'PUNTO DE VENTA', 'factura', 'IMPORTE FACTURA', 'CANTIDAD', 'ORDEN', 'COMPROMISO', 'COMPROBANTES', 'DEVENGADOS'], rows=27)</msg>
<msg timestamp="20231215 15:27:20.633" level="INFO">${data_as_table} = Table(columns=['SERVICIO', 'PROVEEDOR', 'TIPO', 'PROV TIPO', 'NUMERO', 'JURISDICCION', 'CAT.PROG', 'FF', 'OG', 'OFI', 'TIPO FACTURA', 'PUNTO DE VENTA', 'factura', 'IMPORTE FACTURA', 'CANTIDAD', 'ORDEN...</msg>
<status status="PASS" starttime="20231215 15:27:20.633" endtime="20231215 15:27:20.633"/>
</kw>
<kw name="Create List" library="BuiltIn">
<var>@{cuenta}</var>
<doc>Returns a list containing given items.</doc>
<msg timestamp="20231215 15:27:20.633" level="INFO">@{cuenta} = [ ]</msg>
<status status="PASS" starttime="20231215 15:27:20.633" endtime="20231215 15:27:20.633"/>
</kw>
<kw name="Set Variable" library="BuiltIn">
<var>${contadorROW2}</var>
<arg>2</arg>
<doc>Returns the given values which can then be assigned to a variables.</doc>
<msg timestamp="20231215 15:27:20.633" level="INFO">${contadorROW2} = 2</msg>
<status status="PASS" starttime="20231215 15:27:20.633" endtime="20231215 15:27:20.633"/>
</kw>
<kw name="Set Cell Value" library="RPA.Excel.Files">
<arg>1</arg>
<arg>R</arg>
<arg>COMPROBANTES</arg>
<doc>Set a cell value in the given worksheet.</doc>
<status status="PASS" starttime="20231215 15:27:20.633" endtime="20231215 15:27:20.633"/>
</kw>
<kw name="Set Cell Value" library="RPA.Excel.Files">
<arg>1</arg>
<arg>S</arg>
<arg>DEVENGADOS</arg>
<doc>Set a cell value in the given worksheet.</doc>
<status status="PASS" starttime="20231215 15:27:20.633" endtime="20231215 15:27:20.633"/>
</kw>
<kw name="Read Worksheet As Table" library="RPA.Excel.Files">
<var>${data_as_table}</var>
<arg>${factura_hoja}</arg>
<arg>header=True</arg>
<doc>Read the contents of a worksheet into a Table container. Allows
sorting/filtering/manipulating using the ``RPA.Tables`` library.</doc>
<msg timestamp="20231215 15:27:20.633" level="INFO">Created table: Table(columns=['SERVICIO', 'PROVEEDOR', 'TIPO', 'PROV TIPO', 'NUMERO', 'JURISDICCION', 'CAT.PROG', 'FF', 'OG', 'OFI', 'TIPO FACTURA', 'PUNTO DE VENTA', 'factura', 'IMPORTE FACTURA', 'CANTIDAD', 'ORDEN', 'COMPROMISO', 'COMPROBANTES', 'DEVENGADOS'], rows=27)</msg>
<msg timestamp="20231215 15:27:20.633" level="INFO">${data_as_table} = Table(columns=['SERVICIO', 'PROVEEDOR', 'TIPO', 'PROV TIPO', 'NUMERO', 'JURISDICCION', 'CAT.PROG', 'FF', 'OG', 'OFI', 'TIPO FACTURA', 'PUNTO DE VENTA', 'factura', 'IMPORTE FACTURA', 'CANTIDAD', 'ORDEN...</msg>
<status status="PASS" starttime="20231215 15:27:20.633" endtime="20231215 15:27:20.633"/>
</kw>
<kw name="Save Workbook" library="RPA.Excel.Files">
<doc>Save the active workbook.</doc>
<status status="PASS" starttime="20231215 15:27:20.633" endtime="20231215 15:27:20.664"/>
</kw>
<kw name="Open Workbook" library="RPA.Excel.Files">
<arg>${excel_comprobantes}</arg>
<doc>Open an existing Excel workbook.</doc>
<msg timestamp="20231215 15:27:20.664" level="INFO">Closing workbook: &lt;RPA.Excel.Files.XlsxWorkbook object at 0x0000028B80CF3FD0&gt;</msg>
<msg timestamp="20231215 15:27:20.664" level="INFO">Opened workbook: &lt;RPA.Excel.Files.XlsxWorkbook object at 0x0000028B80DC2390&gt;</msg>
<status status="PASS" starttime="20231215 15:27:20.664" endtime="20231215 15:27:20.664"/>
</kw>
<kw name="Read Worksheet As Table" library="RPA.Excel.Files">
<var>${data_as_table2}</var>
<arg>${hoja_comprobantes}</arg>
<arg>header=True</arg>
<doc>Read the contents of a worksheet into a Table container. Allows
sorting/filtering/manipulating using the ``RPA.Tables`` library.</doc>
<msg timestamp="20231215 15:27:20.664" level="INFO">Created table: Table(columns=['Tipo_comprobante', 'Numero_comprobante', 'Numero_cuenta'], rows=27)</msg>
<msg timestamp="20231215 15:27:20.664" level="INFO">${data_as_table2} = Table(columns=['Tipo_comprobante', 'Numero_comprobante', 'Numero_cuenta'], rows=27)</msg>
<status status="PASS" starttime="20231215 15:27:20.664" endtime="20231215 15:27:20.664"/>
</kw>
<for flavor="IN">
<var>${row2}</var>
<value>@{data_as_table2}</value>
<iter>
<var name="${row2}">{'Tipo_comprobante': '16', 'Numero_comprobante': '9165', 'Numero_cuenta': '12219'}</var>
<kw name="Set Variable" library="BuiltIn">
<var>${numero_cuenta}</var>
<arg>${row2["Numero_cuenta"]}</arg>
<doc>Returns the given values which can then be assigned to a variables.</doc>
<msg timestamp="20231215 15:27:20.664" level="INFO">${numero_cuenta} = 12219</msg>
<status status="PASS" starttime="20231215 15:27:20.664" endtime="20231215 15:27:20.664"/>
</kw>
<for flavor="IN">
<var>${row}</var>
<value>@{data_as_table}</value>
<iter>
<var name="${row}">{'SERVICIO': 'ESTACIONAMIENTO INTELIGENTE', 'PROVEEDOR': 'LOPEZ CAMACHO ROSA ELVIRA', 'TIPO': 16, 'PROV TIPO': 1, 'NUMERO': 12217, 'JURISDICCION': '1.1.1.01.43.000', 'CAT.PROG': 19.01, 'FF': '1.1.0', ...</var>
<kw name="Open Workbook" library="RPA.Excel.Files">
<arg>${excel_factura}</arg>
<doc>Open an existing Excel workbook.</doc>
<msg timestamp="20231215 15:27:20.664" level="INFO">Closing workbook: &lt;RPA.Excel.Files.XlsxWorkbook object at 0x0000028B80DC2390&gt;</msg>
<msg timestamp="20231215 15:27:20.696" level="INFO">Opened workbook: &lt;RPA.Excel.Files.XlsxWorkbook object at 0x0000028B80D31D50&gt;</msg>
<status status="PASS" starttime="20231215 15:27:20.664" endtime="20231215 15:27:20.696"/>
</kw>
<kw name="Set Variable" library="BuiltIn">
<var>${factura1}</var>
<arg>${row["TIPO FACTURA"]}</arg>
<doc>Returns the given values which can then be assigned to a variables.</doc>
<msg timestamp="20231215 15:27:20.696" level="INFO">${factura1} = 53</msg>
<status status="PASS" starttime="20231215 15:27:20.696" endtime="20231215 15:27:20.696"/>
</kw>
<kw name="Convert To Integer" library="BuiltIn">
<var>${factura1}</var>
<arg>${factura1}</arg>
<doc>Converts the given item to an integer number.</doc>
<msg timestamp="20231215 15:27:20.696" level="INFO">${factura1} = 53</msg>
<status status="PASS" starttime="20231215 15:27:20.696" endtime="20231215 15:27:20.696"/>
</kw>
<kw name="Get Cell Value" library="RPA.Excel.Files">
<var>${celdavacia}</var>
<arg>${factura1}</arg>
<arg>K</arg>
<doc>Get a cell value in the given worksheet.</doc>
<msg timestamp="20231215 15:27:20.696" level="INFO">${celdavacia} = None</msg>
<status status="PASS" starttime="20231215 15:27:20.696" endtime="20231215 15:27:20.696"/>
</kw>
<if>
<branch type="IF" condition="'${celdavacia}' != 'null'">
<kw name="Set Variable" library="BuiltIn">
<var>${numeroc1}</var>
<arg>${row["NUMERO"]}</arg>
<doc>Returns the given values which can then be assigned to a variables.</doc>
<msg timestamp="20231215 15:27:20.696" level="INFO">${numeroc1} = 12217</msg>
<status status="PASS" starttime="20231215 15:27:20.696" endtime="20231215 15:27:20.696"/>
</kw>
<if>
<branch type="IF" condition="${numero_cuenta}==${numeroc1}">
<kw name="Set Variable" library="BuiltIn">
<var>${estado}</var>
<arg>${row['COMPROBANTES']}</arg>
<doc>Returns the given values which can then be assigned to a variables.</doc>
<status status="NOT RUN" starttime="20231215 15:27:20.696" endtime="20231215 15:27:20.696"/>
</kw>
<if>
<branch type="IF" condition="'${estado}' != 'OK'">
<kw name="Log" library="BuiltIn">
<arg>Checking row con el estado</arg>
<doc>Logs the given message with the given level.</doc>
<status status="NOT RUN" starttime="20231215 15:27:20.696" endtime="20231215 15:27:20.696"/>
</kw>
<status status="NOT RUN" starttime="20231215 15:27:20.696" endtime="20231215 15:27:20.696"/>
</branch>
<branch type="ELSE">
<kw name="Continue For Loop If" library="BuiltIn">
<arg>'${estado}' == 'OK'</arg>
<doc>Skips the current FOR loop iteration if the ``condition`` is true.</doc>
<status status="NOT RUN" starttime="20231215 15:27:20.696" endtime="20231215 15:27:20.696"/>
</kw>
<kw name="Log" library="BuiltIn">
<arg>Skipping row with "OK"</arg>
<doc>Logs the given message with the given level.</doc>
<status status="NOT RUN" starttime="20231215 15:27:20.696" endtime="20231215 15:27:20.696"/>
</kw>
<status status="NOT RUN" starttime="20231215 15:27:20.696" endtime="20231215 15:27:20.696"/>
</branch>
<status status="NOT RUN" starttime="20231215 15:27:20.696" endtime="20231215 15:27:20.696"/>
</if>
<kw name="Click" library="RPA.Windows">
<arg>name:Transacciones</arg>
<arg>timeout=60</arg>
<tag>action</tag>
<tag>mouse</tag>
<doc>Mouse click on element matching given locator.</doc>
<status status="NOT RUN" starttime="20231215 15:27:20.696" endtime="20231215 15:27:20.696"/>
</kw>
<kw name="Click" library="RPA.Windows">
<arg>name:Comprobantes</arg>
<arg>timeout=30</arg>
<tag>action</tag>
<tag>mouse</tag>
<doc>Mouse click on element matching given locator.</doc>
<status status="NOT RUN" starttime="20231215 15:27:20.696" endtime="20231215 15:27:20.696"/>
</kw>
<kw name="Click" library="RPA.Windows">
<arg>id:43</arg>
<arg>timeout=60</arg>
<tag>action</tag>
<tag>mouse</tag>
<doc>Mouse click on element matching given locator.</doc>
<status status="NOT RUN" starttime="20231215 15:27:20.696" endtime="20231215 15:27:20.696"/>
</kw>
<kw name="Sleep" library="BuiltIn">
<arg>0.5s</arg>
<doc>Pauses the test executed for the given time.</doc>
<status status="NOT RUN" starttime="20231215 15:27:20.696" endtime="20231215 15:27:20.696"/>
</kw>
<kw name="Set Variable" library="BuiltIn">
<var>${provtipo}</var>
<arg>${row["PROV TIPO"]}</arg>
<doc>Returns the given values which can then be assigned to a variables.</doc>
<status status="NOT RUN" starttime="20231215 15:27:20.696" endtime="20231215 15:27:20.696"/>
</kw>
<kw name="Send Keys" library="RPA.Windows">
<arg>id:10</arg>
<arg>keys=${provtipo}</arg>
<tag>action</tag>
<tag>keyboard</tag>
<doc>Send keys to desktop, current window or to Control element
defined by given locator.</doc>
<status status="NOT RUN" starttime="20231215 15:27:20.696" endtime="20231215 15:27:20.696"/>
</kw>
<kw name="Set Variable" library="BuiltIn">
<var>${numerotipo}</var>
<arg>${row["NUMERO"]}</arg>
<doc>Returns the given values which can then be assigned to a variables.</doc>
<status status="NOT RUN" starttime="20231215 15:27:20.696" endtime="20231215 15:27:20.696"/>
</kw>
<kw name="Send Keys" library="RPA.Windows">
<arg>id:11</arg>
<arg>${numerotipo}</arg>
<tag>action</tag>
<tag>keyboard</tag>
<doc>Send keys to desktop, current window or to Control element
defined by given locator.</doc>
<status status="NOT RUN" starttime="20231215 15:27:20.696" endtime="20231215 15:27:20.696"/>
</kw>
<kw name="Send Keys" library="RPA.Windows">
<arg>keys={ENTER}</arg>
<tag>action</tag>
<tag>keyboard</tag>
<doc>Send keys to desktop, current window or to Control element
defined by given locator.</doc>
<status status="NOT RUN" starttime="20231215 15:27:20.696" endtime="20231215 15:27:20.696"/>
</kw>
<kw name="Sleep" library="BuiltIn">
<arg>0.5s</arg>
<doc>Pauses the test executed for the given time.</doc>
<status status="NOT RUN" starttime="20231215 15:27:20.696" endtime="20231215 15:27:20.696"/>
</kw>
<kw name="Send Keys" library="RPA.Windows">
<arg>keys={DELETE}</arg>
<tag>action</tag>
<tag>keyboard</tag>
<doc>Send keys to desktop, current window or to Control element
defined by given locator.</doc>
<status status="NOT RUN" starttime="20231215 15:27:20.696" endtime="20231215 15:27:20.696"/>
</kw>
<kw name="Sleep" library="BuiltIn">
<arg>0.5s</arg>
<doc>Pauses the test executed for the given time.</doc>
<status status="NOT RUN" starttime="20231215 15:27:20.696" endtime="20231215 15:27:20.696"/>
</kw>
<kw name="Send Keys" library="RPA.Windows">
<arg>keys={DELETE}</arg>
<tag>action</tag>
<tag>keyboard</tag>
<doc>Send keys to desktop, current window or to Control element
defined by given locator.</doc>
<status status="NOT RUN" starttime="20231215 15:27:20.696" endtime="20231215 15:27:20.696"/>
</kw>
<kw name="Set Variable" library="BuiltIn">
<var>${tipofb}</var>
<arg>${row["TIPO FACTURA"]}</arg>
<doc>Returns the given values which can then be assigned to a variables.</doc>
<status status="NOT RUN" starttime="20231215 15:27:20.696" endtime="20231215 15:27:20.696"/>
</kw>
<kw name="Send Keys" library="RPA.Windows">
<arg>id:7</arg>
<arg>keys=${tipofb}</arg>
<tag>action</tag>
<tag>keyboard</tag>
<doc>Send keys to desktop, current window or to Control element
defined by given locator.</doc>
<status status="NOT RUN" starttime="20231215 15:27:20.696" endtime="20231215 15:27:20.696"/>
</kw>
<kw name="Set Variable" library="BuiltIn">
<var>${puntoventa}</var>
<arg>${row["PUNTO DE VENTA"]}</arg>
<doc>Returns the given values which can then be assigned to a variables.</doc>
<status status="NOT RUN" starttime="20231215 15:27:20.696" endtime="20231215 15:27:20.696"/>
</kw>
<kw name="Send Keys" library="RPA.Windows">
<arg>id:6</arg>
<arg>${puntoventa}</arg>
<tag>action</tag>
<tag>keyboard</tag>
<doc>Send keys to desktop, current window or to Control element
defined by given locator.</doc>
<status status="NOT RUN" starttime="20231215 15:27:20.696" endtime="20231215 15:27:20.696"/>
</kw>
<kw name="Set Variable" library="BuiltIn">
<var>${factura}</var>
<arg>${row["factura"]}</arg>
<doc>Returns the given values which can then be assigned to a variables.</doc>
<status status="NOT RUN" starttime="20231215 15:27:20.696" endtime="20231215 15:27:20.696"/>
</kw>
<kw name="Send Keys" library="RPA.Windows">
<arg>id:12</arg>
<arg>${factura}</arg>
<tag>action</tag>
<tag>keyboard</tag>
<doc>Send keys to desktop, current window or to Control element
defined by given locator.</doc>
<status status="NOT RUN" starttime="20231215 15:27:20.696" endtime="20231215 15:27:20.696"/>
</kw>
<kw name="Get Current Date" library="DateTime">
<var>${fecha_actual}</var>
<doc>Returns current local or UTC time with an optional increment.</doc>
<status status="NOT RUN" starttime="20231215 15:27:20.696" endtime="20231215 15:27:20.696"/>
</kw>
<kw name="Convert Date" library="DateTime">
<var>${fecha_formateada}</var>
<arg>${fecha_actual}</arg>
<arg>%d/%m/%Y</arg>
<doc>Converts between supported `date formats`.</doc>
<status status="NOT RUN" starttime="20231215 15:27:20.696" endtime="20231215 15:27:20.696"/>
</kw>
<kw name="Log" library="BuiltIn">
<arg>La fecha actual es: ${fecha_formateada}</arg>
<doc>Logs the given message with the given level.</doc>
<status status="NOT RUN" starttime="20231215 15:27:20.696" endtime="20231215 15:27:20.696"/>
</kw>
<kw name="Click" library="RPA.Windows">
<arg>${fecha_formateada}</arg>
<tag>action</tag>
<tag>mouse</tag>
<doc>Mouse click on element matching given locator.</doc>
<status status="NOT RUN" starttime="20231215 15:27:20.696" endtime="20231215 15:27:20.696"/>
</kw>
<kw name="Split String" library="String">
<var>@{fecha_parts}</var>
<arg>${fecha_formateada}</arg>
<arg>/</arg>
<doc>Splits the ``string`` using ``separator`` as a delimiter string.</doc>
<status status="NOT RUN" starttime="20231215 15:27:20.696" endtime="20231215 15:27:20.696"/>
</kw>
<kw name="Convert To Integer" library="BuiltIn">
<var>${day}</var>
<arg>${fecha_parts}[0]</arg>
<doc>Converts the given item to an integer number.</doc>
<status status="NOT RUN" starttime="20231215 15:27:20.696" endtime="20231215 15:27:20.696"/>
</kw>
<kw name="Convert To Integer" library="BuiltIn">
<var>${month}</var>
<arg>${fecha_parts}[1]</arg>
<doc>Converts the given item to an integer number.</doc>
<status status="NOT RUN" starttime="20231215 15:27:20.696" endtime="20231215 15:27:20.696"/>
</kw>
<kw name="Convert To Integer" library="BuiltIn">
<var>${year}</var>
<arg>${fecha_parts}[2]</arg>
<doc>Converts the given item to an integer number.</doc>
<status status="NOT RUN" starttime="20231215 15:27:20.696" endtime="20231215 15:27:20.696"/>
</kw>
<kw name="Send Keys" library="RPA.Windows">
<arg>keys=${year}{RIGHT}</arg>
<tag>action</tag>
<tag>keyboard</tag>
<doc>Send keys to desktop, current window or to Control element
defined by given locator.</doc>
<status status="NOT RUN" starttime="20231215 15:27:20.696" endtime="20231215 15:27:20.696"/>
</kw>
<kw name="Send Keys" library="RPA.Windows">
<arg>keys=${day}{RIGHT}</arg>
<tag>action</tag>
<tag>keyboard</tag>
<doc>Send keys to desktop, current window or to Control element
defined by given locator.</doc>
<status status="NOT RUN" starttime="20231215 15:27:20.696" endtime="20231215 15:27:20.696"/>
</kw>
<kw name="Send Keys" library="RPA.Windows">
<arg>keys=${month}{ENTER}</arg>
<tag>action</tag>
<tag>keyboard</tag>
<doc>Send keys to desktop, current window or to Control element
defined by given locator.</doc>
<status status="NOT RUN" starttime="20231215 15:27:20.696" endtime="20231215 15:27:20.696"/>
</kw>
<kw name="Send Keys" library="RPA.Windows">
<arg>keys=${day}{RIGHT}</arg>
<tag>action</tag>
<tag>keyboard</tag>
<doc>Send keys to desktop, current window or to Control element
defined by given locator.</doc>
<status status="NOT RUN" starttime="20231215 15:27:20.696" endtime="20231215 15:27:20.696"/>
</kw>
<kw name="Send Keys" library="RPA.Windows">
<arg>keys=${month}{RIGHT}</arg>
<tag>action</tag>
<tag>keyboard</tag>
<doc>Send keys to desktop, current window or to Control element
defined by given locator.</doc>
<status status="NOT RUN" starttime="20231215 15:27:20.696" endtime="20231215 15:27:20.696"/>
</kw>
<kw name="Send Keys" library="RPA.Windows">
<arg>keys=${year} {RIGHT} {ENTER}</arg>
<tag>action</tag>
<tag>keyboard</tag>
<doc>Send keys to desktop, current window or to Control element
defined by given locator.</doc>
<status status="NOT RUN" starttime="20231215 15:27:20.696" endtime="20231215 15:27:20.696"/>
</kw>
<kw name="Set Variable" library="BuiltIn">
<var>${import}</var>
<arg>${row["IMPORTE FACTURA"]}</arg>
<doc>Returns the given values which can then be assigned to a variables.</doc>
<status status="NOT RUN" starttime="20231215 15:27:20.696" endtime="20231215 15:27:20.696"/>
</kw>
<kw name="Send Keys" library="RPA.Windows">
<arg>id:30</arg>
<arg>keys=${import}</arg>
<tag>action</tag>
<tag>keyboard</tag>
<doc>Send keys to desktop, current window or to Control element
defined by given locator.</doc>
<status status="NOT RUN" starttime="20231215 15:27:20.696" endtime="20231215 15:27:20.696"/>
</kw>
<kw name="Log" library="BuiltIn">
<arg>datos de comprobante cargados</arg>
<doc>Logs the given message with the given level.</doc>
<status status="NOT RUN" starttime="20231215 15:27:20.696" endtime="20231215 15:27:20.696"/>
</kw>
<kw name="Run Keyword And Ignore Error" library="BuiltIn">
<arg>RPA.Windows.Click</arg>
<arg>id:2</arg>
<arg>timeout=30</arg>
<doc>Runs the given keyword with the given arguments and ignores possible error.</doc>
<status status="NOT RUN" starttime="20231215 15:27:20.696" endtime="20231215 15:27:20.696"/>
</kw>
<kw name="Click" library="RPA.Windows">
<arg>id:45</arg>
<arg>timeout=30</arg>
<tag>action</tag>
<tag>mouse</tag>
<doc>Mouse click on element matching given locator.</doc>
<status status="NOT RUN" starttime="20231215 15:27:20.696" endtime="20231215 15:27:20.696"/>
</kw>
<kw name="Sleep" library="BuiltIn">
<arg>1.5s</arg>
<doc>Pauses the test executed for the given time.</doc>
<status status="NOT RUN" starttime="20231215 15:27:20.696" endtime="20231215 15:27:20.696"/>
</kw>
<kw name="Run Keyword And Return Status" library="BuiltIn">
<var>${elemento_existente}</var>
<arg>RPA.Windows.Click</arg>
<arg>locator=id:6</arg>
<arg>timeout=10</arg>
<doc>Runs the given keyword with given arguments and returns the status as a Boolean value.</doc>
<status status="NOT RUN" starttime="20231215 15:27:20.696" endtime="20231215 15:27:20.696"/>
</kw>
<kw name="Run Keyword If" library="BuiltIn">
<arg>${elemento_existente}</arg>
<arg>Log</arg>
<arg>Se acepto la correlatividad de comprobantes</arg>
<doc>Runs the given keyword with the given arguments, if ``condition`` is true.</doc>
<status status="NOT RUN" starttime="20231215 15:27:20.696" endtime="20231215 15:27:20.696"/>
</kw>
<kw name="Sleep" library="BuiltIn">
<arg>1.5s</arg>
<doc>Pauses the test executed for the given time.</doc>
<status status="NOT RUN" starttime="20231215 15:27:20.696" endtime="20231215 15:27:20.696"/>
</kw>
<kw name="Convert To String" library="BuiltIn">
<var>${elemento_existente2}</var>
<arg>id:65535</arg>
<doc>Converts the given item to a Unicode string.</doc>
<status status="NOT RUN" starttime="20231215 15:27:20.696" endtime="20231215 15:27:20.696"/>
</kw>
<kw name="Run Keyword And Return Status" library="BuiltIn">
<var>${result_status}</var>
<arg>${elemento_existente2}</arg>
<doc>Runs the given keyword with given arguments and returns the status as a Boolean value.</doc>
<status status="NOT RUN" starttime="20231215 15:27:20.696" endtime="20231215 15:27:20.696"/>
</kw>
<kw name="Run Keyword If" library="BuiltIn">
<arg>'${result_status}'=='True'</arg>
<arg>${texto_del_cartel}= Get Text</arg>
<arg>${elemento_existente2}</arg>
<doc>Runs the given keyword with the given arguments, if ``condition`` is true.</doc>
<status status="NOT RUN" starttime="20231215 15:27:20.696" endtime="20231215 15:27:20.696"/>
</kw>
<kw name="Run Keyword And Return Status" library="BuiltIn">
<var>${result}</var>
<arg>'existe' in ${texto_del_cartel.lower()}</arg>
<doc>Runs the given keyword with given arguments and returns the status as a Boolean value.</doc>
<status status="NOT RUN" starttime="20231215 15:27:20.696" endtime="20231215 15:27:20.696"/>
</kw>
<kw name="Run Keyword If" library="BuiltIn">
<arg>${result}</arg>
<arg>Log</arg>
<arg>Apareció el cartel de que la factura existe</arg>
<arg>ELSE</arg>
<arg>Send Keys</arg>
<arg>keys={ENTER}</arg>
<doc>Runs the given keyword with the given arguments, if ``condition`` is true.</doc>
<status status="NOT RUN" starttime="20231215 15:27:20.696" endtime="20231215 15:27:20.696"/>
</kw>
<kw name="Open Workbook" library="RPA.Excel.Files">
<arg>${excel_factura}</arg>
<doc>Open an existing Excel workbook.</doc>
<status status="NOT RUN" starttime="20231215 15:27:20.696" endtime="20231215 15:27:20.696"/>
</kw>
<kw name="Set Variable" library="BuiltIn">
<var>${numerofila3}</var>
<arg>${row["ORDEN"]}</arg>
<doc>Returns the given values which can then be assigned to a variables.</doc>
<status status="NOT RUN" starttime="20231215 15:27:20.696" endtime="20231215 15:27:20.696"/>
</kw>
<kw name="Convert To Integer" library="BuiltIn">
<var>${numerofila2}</var>
<arg>${numerofila3}</arg>
<doc>Converts the given item to an integer number.</doc>
<status status="NOT RUN" starttime="20231215 15:27:20.696" endtime="20231215 15:27:20.696"/>
</kw>
<kw name="Set Cell Value" library="RPA.Excel.Files">
<arg>${numerofila2}</arg>
<arg>${column_name1}</arg>
<arg>${value_to_write}</arg>
<doc>Set a cell value in the given worksheet.</doc>
<status status="NOT RUN" starttime="20231215 15:27:20.696" endtime="20231215 15:27:20.696"/>
</kw>
<kw name="Log" library="BuiltIn">
<arg>Se cambió el valor de la celda a OK</arg>
<doc>Logs the given message with the given level.</doc>
<status status="NOT RUN" starttime="20231215 15:27:20.696" endtime="20231215 15:27:20.696"/>
</kw>
<kw name="Save Workbook" library="RPA.Excel.Files">
<doc>Save the active workbook.</doc>
<status status="NOT RUN" starttime="20231215 15:27:20.696" endtime="20231215 15:27:20.696"/>
</kw>
<kw name="Sleep" library="BuiltIn">
<arg>3s</arg>
<doc>Pauses the test executed for the given time.</doc>
<status status="NOT RUN" starttime="20231215 15:27:20.696" endtime="20231215 15:27:20.696"/>
</kw>
<kw name="Close Workbook" library="RPA.Excel.Files">
<doc>Close the active workbook.</doc>
<status status="NOT RUN" starttime="20231215 15:27:20.696" endtime="20231215 15:27:20.696"/>
</kw>
<kw name="Run Keyword And Return Status" library="BuiltIn">
<var>${elemento_existente6}</var>
<arg>RPA.Windows.Click</arg>
<arg>id:44</arg>
<doc>Runs the given keyword with given arguments and returns the status as a Boolean value.</doc>
<status status="NOT RUN" starttime="20231215 15:27:20.696" endtime="20231215 15:27:20.696"/>
</kw>
<kw name="Run Keyword And Return Status" library="BuiltIn">
<var>${element}</var>
<arg>RPA.Windows.Get Element</arg>
<arg>${fecha_formateada}</arg>
<doc>Runs the given keyword with given arguments and returns the status as a Boolean value.</doc>
<status status="NOT RUN" starttime="20231215 15:27:20.696" endtime="20231215 15:27:20.696"/>
</kw>
<kw name="Run Keyword If" library="BuiltIn">
<var>${element1}</var>
<arg>${element}</arg>
<arg>RPA.Windows.Click</arg>
<arg>${fecha_formateada}</arg>
<doc>Runs the given keyword with the given arguments, if ``condition`` is true.</doc>
<status status="NOT RUN" starttime="20231215 15:27:20.696" endtime="20231215 15:27:20.696"/>
</kw>
<if>
<branch type="IF" condition="${element}==True">
<kw name="Send Keys" library="RPA.Windows">
<arg>keys={TAB}</arg>
<tag>action</tag>
<tag>keyboard</tag>
<doc>Send keys to desktop, current window or to Control element
defined by given locator.</doc>
<status status="NOT RUN" starttime="20231215 15:27:20.696" endtime="20231215 15:27:20.696"/>
</kw>
<kw name="Sleep" library="BuiltIn">
<arg>0.5s</arg>
<doc>Pauses the test executed for the given time.</doc>
<status status="NOT RUN" starttime="20231215 15:27:20.696" endtime="20231215 15:27:20.696"/>
</kw>
<kw name="Send Keys" library="RPA.Windows">
<arg>keys={ENTER}</arg>
<tag>action</tag>
<tag>keyboard</tag>
<doc>Send keys to desktop, current window or to Control element
defined by given locator.</doc>
<status status="NOT RUN" starttime="20231215 15:27:20.696" endtime="20231215 15:27:20.696"/>
</kw>
<kw name="Sleep" library="BuiltIn">
<arg>3s</arg>
<doc>Pauses the test executed for the given time.</doc>
<status status="NOT RUN" starttime="20231215 15:27:20.696" endtime="20231215 15:27:20.696"/>
</kw>
<kw name="Run Keyword And Return Status" library="BuiltIn">
<var>${elemento_encontrado}</var>
<arg>RPA.Windows.Click</arg>
<arg>id:11</arg>
<doc>Runs the given keyword with given arguments and returns the status as a Boolean value.</doc>
<status status="NOT RUN" starttime="20231215 15:27:20.696" endtime="20231215 15:27:20.696"/>
</kw>
<kw name="Send Keys" library="RPA.Windows">
<arg>keys={DELETE}</arg>
<tag>action</tag>
<tag>keyboard</tag>
<doc>Send keys to desktop, current window or to Control element
defined by given locator.</doc>
<status status="NOT RUN" starttime="20231215 15:27:20.696" endtime="20231215 15:27:20.696"/>
</kw>
<kw name="Set Variable" library="BuiltIn">
<var>${afectacion}</var>
<arg>${row2["Tipo_comprobante"]}</arg>
<doc>Returns the given values which can then be assigned to a variables.</doc>
<status status="NOT RUN" starttime="20231215 15:27:20.696" endtime="20231215 15:27:20.696"/>
</kw>
<kw name="Send Keys" library="RPA.Windows">
<arg>keys=${afectacion}</arg>
<tag>action</tag>
<tag>keyboard</tag>
<doc>Send keys to desktop, current window or to Control element
defined by given locator.</doc>
<status status="NOT RUN" starttime="20231215 15:27:20.696" endtime="20231215 15:27:20.696"/>
</kw>
<kw name="Set Variable" library="BuiltIn">
<var>${num3}</var>
<arg>${row2["Numero_comprobante"]}</arg>
<doc>Returns the given values which can then be assigned to a variables.</doc>
<status status="NOT RUN" starttime="20231215 15:27:20.696" endtime="20231215 15:27:20.696"/>
</kw>
<kw name="Run Keyword And Return Status" library="BuiltIn">
<var>${elemento_encontrado}</var>
<arg>RPA.Windows.Click</arg>
<arg>id:6</arg>
<doc>Runs the given keyword with given arguments and returns the status as a Boolean value.</doc>
<status status="NOT RUN" starttime="20231215 15:27:20.696" endtime="20231215 15:27:20.696"/>
</kw>
<kw name="Send Keys" library="RPA.Windows">
<arg>keys={DELETE}</arg>
<tag>action</tag>
<tag>keyboard</tag>
<doc>Send keys to desktop, current window or to Control element
defined by given locator.</doc>
<status status="NOT RUN" starttime="20231215 15:27:20.696" endtime="20231215 15:27:20.696"/>
</kw>
<kw name="Send Keys" library="RPA.Windows">
<arg>keys=${num3}</arg>
<tag>action</tag>
<tag>keyboard</tag>
<doc>Send keys to desktop, current window or to Control element
defined by given locator.</doc>
<status status="NOT RUN" starttime="20231215 15:27:20.696" endtime="20231215 15:27:20.696"/>
</kw>
<kw name="Run Keyword And Return Status" library="BuiltIn">
<var>${elemento_encontrado}</var>
<arg>RPA.Windows.Click</arg>
<arg>id:4</arg>
<doc>Runs the given keyword with given arguments and returns the status as a Boolean value.</doc>
<status status="NOT RUN" starttime="20231215 15:27:20.696" endtime="20231215 15:27:20.696"/>
</kw>
<kw name="Log" library="BuiltIn">
<arg>Se cargo correctamente</arg>
<doc>Logs the given message with the given level.</doc>
<status status="NOT RUN" starttime="20231215 15:27:20.696" endtime="20231215 15:27:20.696"/>
</kw>
<kw name="Sleep" library="BuiltIn">
<arg>3s</arg>
<doc>Pauses the test executed for the given time.</doc>
<status status="NOT RUN" starttime="20231215 15:27:20.696" endtime="20231215 15:27:20.696"/>
</kw>
<kw name="Send Keys" library="RPA.Windows">
<arg>keys={TAB}{DOWN}</arg>
<tag>action</tag>
<tag>keyboard</tag>
<doc>Send keys to desktop, current window or to Control element
defined by given locator.</doc>
<status status="NOT RUN" starttime="20231215 15:27:20.696" endtime="20231215 15:27:20.696"/>
</kw>
<kw name="Send Keys" library="RPA.Windows">
<arg>keys={ENTER}</arg>
<tag>action</tag>
<tag>keyboard</tag>
<doc>Send keys to desktop, current window or to Control element
defined by given locator.</doc>
<status status="NOT RUN" starttime="20231215 15:27:20.696" endtime="20231215 15:27:20.696"/>
</kw>
<kw name="Sleep" library="BuiltIn">
<arg>3s</arg>
<doc>Pauses the test executed for the given time.</doc>
<status status="NOT RUN" starttime="20231215 15:27:20.696" endtime="20231215 15:27:20.696"/>
</kw>
<kw name="Click" library="RPA.Windows">
<arg>id:11</arg>
<tag>action</tag>
<tag>mouse</tag>
<doc>Mouse click on element matching given locator.</doc>
<status status="NOT RUN" starttime="20231215 15:27:20.696" endtime="20231215 15:27:20.696"/>
</kw>
<kw name="Click" library="RPA.Windows">
<arg>name:Salir</arg>
<tag>action</tag>
<tag>mouse</tag>
<doc>Mouse click on element matching given locator.</doc>
<status status="NOT RUN" starttime="20231215 15:27:20.696" endtime="20231215 15:27:20.696"/>
</kw>
<kw name="Click" library="RPA.Windows">
<arg>name:Transacciones</arg>
<arg>timeout=60</arg>
<tag>action</tag>
<tag>mouse</tag>
<doc>Mouse click on element matching given locator.</doc>
<status status="NOT RUN" starttime="20231215 15:27:20.696" endtime="20231215 15:27:20.696"/>
</kw>
<kw name="Click" library="RPA.Windows">
<arg>name:Devengado</arg>
<arg>timeout=30</arg>
<tag>action</tag>
<tag>mouse</tag>
<doc>Mouse click on element matching given locator.</doc>
<status status="NOT RUN" starttime="20231215 15:27:20.696" endtime="20231215 15:27:20.696"/>
</kw>
<kw name="Click" library="RPA.Windows">
<arg>id:104</arg>
<arg>timeout=30</arg>
<tag>action</tag>
<tag>mouse</tag>
<doc>Mouse click on element matching given locator.</doc>
<status status="NOT RUN" starttime="20231215 15:27:20.696" endtime="20231215 15:27:20.696"/>
</kw>
<kw name="Click" library="RPA.Windows">
<arg>id:22</arg>
<arg>timeout=10</arg>
<tag>action</tag>
<tag>mouse</tag>
<doc>Mouse click on element matching given locator.</doc>
<status status="NOT RUN" starttime="20231215 15:27:20.696" endtime="20231215 15:27:20.696"/>
</kw>
<kw name="Send Keys" library="RPA.Windows">
<arg>keys={ENTER}</arg>
<tag>action</tag>
<tag>keyboard</tag>
<doc>Send keys to desktop, current window or to Control element
defined by given locator.</doc>
<status status="NOT RUN" starttime="20231215 15:27:20.696" endtime="20231215 15:27:20.696"/>
</kw>
<kw name="Send Keys" library="RPA.Windows">
<arg>id:37</arg>
<arg>keys=${provtipo}</arg>
<tag>action</tag>
<tag>keyboard</tag>
<doc>Send keys to desktop, current window or to Control element
defined by given locator.</doc>
<status status="NOT RUN" starttime="20231215 15:27:20.696" endtime="20231215 15:27:20.696"/>
</kw>
<kw name="Send Keys" library="RPA.Windows">
<arg>id:38</arg>
<arg>${numerotipo}</arg>
<tag>action</tag>
<tag>keyboard</tag>
<doc>Send keys to desktop, current window or to Control element
defined by given locator.</doc>
<status status="NOT RUN" starttime="20231215 15:27:20.696" endtime="20231215 15:27:20.696"/>
</kw>
<kw name="Sleep" library="BuiltIn">
<arg>0.5s</arg>
<doc>Pauses the test executed for the given time.</doc>
<status status="NOT RUN" starttime="20231215 15:27:20.696" endtime="20231215 15:27:20.696"/>
</kw>
<kw name="Send Keys" library="RPA.Windows">
<arg>keys={TAB 6}</arg>
<tag>action</tag>
<tag>keyboard</tag>
<doc>Send keys to desktop, current window or to Control element
defined by given locator.</doc>
<status status="NOT RUN" starttime="20231215 15:27:20.696" endtime="20231215 15:27:20.696"/>
</kw>
<kw name="Send Keys" library="RPA.Windows">
<arg>keys={ENTER}</arg>
<tag>action</tag>
<tag>keyboard</tag>
<doc>Send keys to desktop, current window or to Control element
defined by given locator.</doc>
<status status="NOT RUN" starttime="20231215 15:27:20.696" endtime="20231215 15:27:20.696"/>
</kw>
<kw name="Send Keys" library="RPA.Windows">
<arg>id:11</arg>
<arg>${afectacion}</arg>
<tag>action</tag>
<tag>keyboard</tag>
<doc>Send keys to desktop, current window or to Control element
defined by given locator.</doc>
<status status="NOT RUN" starttime="20231215 15:27:20.696" endtime="20231215 15:27:20.696"/>
</kw>
<kw name="Send Keys" library="RPA.Windows">
<arg>id:6</arg>
<arg>${num3}</arg>
<tag>action</tag>
<tag>keyboard</tag>
<doc>Send keys to desktop, current window or to Control element
defined by given locator.</doc>
<status status="NOT RUN" starttime="20231215 15:27:20.696" endtime="20231215 15:27:20.711"/>
</kw>
<kw name="Send Keys" library="RPA.Windows">
<arg>keys={TAB 2}</arg>
<tag>action</tag>
<tag>keyboard</tag>
<doc>Send keys to desktop, current window or to Control element
defined by given locator.</doc>
<status status="NOT RUN" starttime="20231215 15:27:20.711" endtime="20231215 15:27:20.711"/>
</kw>
<kw name="Send Keys" library="RPA.Windows">
<arg>keys={ENTER}</arg>
<tag>action</tag>
<tag>keyboard</tag>
<doc>Send keys to desktop, current window or to Control element
defined by given locator.</doc>
<status status="NOT RUN" starttime="20231215 15:27:20.711" endtime="20231215 15:27:20.711"/>
</kw>
<kw name="Send Keys" library="RPA.Windows">
<arg>keys={TAB}{DOWN}</arg>
<tag>action</tag>
<tag>keyboard</tag>
<doc>Send keys to desktop, current window or to Control element
defined by given locator.</doc>
<status status="NOT RUN" starttime="20231215 15:27:20.711" endtime="20231215 15:27:20.711"/>
</kw>
<kw name="Send Keys" library="RPA.Windows">
<arg>keys={ENTER}</arg>
<tag>action</tag>
<tag>keyboard</tag>
<doc>Send keys to desktop, current window or to Control element
defined by given locator.</doc>
<status status="NOT RUN" starttime="20231215 15:27:20.711" endtime="20231215 15:27:20.711"/>
</kw>
<kw name="Sleep" library="BuiltIn">
<arg>3s</arg>
<doc>Pauses the test executed for the given time.</doc>
<status status="NOT RUN" starttime="20231215 15:27:20.711" endtime="20231215 15:27:20.711"/>
</kw>
<kw name="Click" library="RPA.Windows">
<arg>id:23</arg>
<arg>timeout=10</arg>
<tag>action</tag>
<tag>mouse</tag>
<doc>Mouse click on element matching given locator.</doc>
<status status="NOT RUN" starttime="20231215 15:27:20.711" endtime="20231215 15:27:20.711"/>
</kw>
<kw name="Sleep" library="BuiltIn">
<arg>1.5s</arg>
<doc>Pauses the test executed for the given time.</doc>
<status status="NOT RUN" starttime="20231215 15:27:20.711" endtime="20231215 15:27:20.711"/>
</kw>
<kw name="Open Workbook" library="RPA.Excel.Files">
<arg>${excel_factura}</arg>
<doc>Open an existing Excel workbook.</doc>
<status status="NOT RUN" starttime="20231215 15:27:20.711" endtime="20231215 15:27:20.711"/>
</kw>
<kw name="Set Variable" library="BuiltIn">
<var>${numerofila3}</var>
<arg>${row["ORDEN"]}</arg>
<doc>Returns the given values which can then be assigned to a variables.</doc>
<status status="NOT RUN" starttime="20231215 15:27:20.711" endtime="20231215 15:27:20.711"/>
</kw>
<kw name="Convert To Integer" library="BuiltIn">
<var>${numerofila2}</var>
<arg>${numerofila3}</arg>
<doc>Converts the given item to an integer number.</doc>
<status status="NOT RUN" starttime="20231215 15:27:20.711" endtime="20231215 15:27:20.711"/>
</kw>
<kw name="Set Cell Value" library="RPA.Excel.Files">
<arg>${numerofila2}</arg>
<arg>${column_name2}</arg>
<arg>${value_to_write}</arg>
<doc>Set a cell value in the given worksheet.</doc>
<status status="NOT RUN" starttime="20231215 15:27:20.711" endtime="20231215 15:27:20.711"/>
</kw>
<kw name="Log" library="BuiltIn">
<arg>Se cambió el valor de la celda a OK</arg>
<doc>Logs the given message with the given level.</doc>
<status status="NOT RUN" starttime="20231215 15:27:20.711" endtime="20231215 15:27:20.711"/>
</kw>
<kw name="Save Workbook" library="RPA.Excel.Files">
<doc>Save the active workbook.</doc>
<status status="NOT RUN" starttime="20231215 15:27:20.711" endtime="20231215 15:27:20.711"/>
</kw>
<kw name="Sleep" library="BuiltIn">
<arg>3s</arg>
<doc>Pauses the test executed for the given time.</doc>
<status status="NOT RUN" starttime="20231215 15:27:20.711" endtime="20231215 15:27:20.711"/>
</kw>
<kw name="Close Workbook" library="RPA.Excel.Files">
<doc>Close the active workbook.</doc>
<status status="NOT RUN" starttime="20231215 15:27:20.711" endtime="20231215 15:27:20.711"/>
</kw>
<kw name="Click" library="RPA.Windows">
<arg>id:48</arg>
<arg>timeout=10</arg>
<tag>action</tag>
<tag>mouse</tag>
<doc>Mouse click on element matching given locator.</doc>
<status status="NOT RUN" starttime="20231215 15:27:20.711" endtime="20231215 15:27:20.711"/>
</kw>
<kw name="Send Keys" library="RPA.Windows">
<arg>keys={RIGHT 3}</arg>
<tag>action</tag>
<tag>keyboard</tag>
<doc>Send keys to desktop, current window or to Control element
defined by given locator.</doc>
<status status="NOT RUN" starttime="20231215 15:27:20.711" endtime="20231215 15:27:20.711"/>
</kw>
<kw name="Click" library="RPA.Windows">
<arg>id:45</arg>
<tag>action</tag>
<tag>mouse</tag>
<doc>Mouse click on element matching given locator.</doc>
<status status="NOT RUN" starttime="20231215 15:27:20.711" endtime="20231215 15:27:20.711"/>
</kw>
<kw name="Send Keys" library="RPA.Windows">
<arg>keys=${observacion}</arg>
<tag>action</tag>
<tag>keyboard</tag>
<doc>Send keys to desktop, current window or to Control element
defined by given locator.</doc>
<status status="NOT RUN" starttime="20231215 15:27:20.711" endtime="20231215 15:27:20.711"/>
</kw>
<kw name="Send Keys" library="RPA.Windows">
<arg>keys={ENTER}</arg>
<tag>action</tag>
<tag>keyboard</tag>
<doc>Send keys to desktop, current window or to Control element
defined by given locator.</doc>
<status status="NOT RUN" starttime="20231215 15:27:20.711" endtime="20231215 15:27:20.711"/>
</kw>
<kw name="Send Keys" library="RPA.Windows">
<arg>keys=${periodo}</arg>
<tag>action</tag>
<tag>keyboard</tag>
<doc>Send keys to desktop, current window or to Control element
defined by given locator.</doc>
<status status="NOT RUN" starttime="20231215 15:27:20.711" endtime="20231215 15:27:20.711"/>
</kw>
<kw name="Send Keys" library="RPA.Windows">
<arg>keys={ENTER}</arg>
<tag>action</tag>
<tag>keyboard</tag>
<doc>Send keys to desktop, current window or to Control element
defined by given locator.</doc>
<status status="NOT RUN" starttime="20231215 15:27:20.711" endtime="20231215 15:27:20.711"/>
</kw>
<kw name="Set Variable" library="BuiltIn">
<var>${prove}</var>
<arg>${row["PROVEEDOR"]}</arg>
<doc>Returns the given values which can then be assigned to a variables.</doc>
<status status="NOT RUN" starttime="20231215 15:27:20.711" endtime="20231215 15:27:20.711"/>
</kw>
<kw name="Send Keys" library="RPA.Windows">
<arg>keys=${prove}</arg>
<tag>action</tag>
<tag>keyboard</tag>
<doc>Send keys to desktop, current window or to Control element
defined by given locator.</doc>
<status status="NOT RUN" starttime="20231215 15:27:20.711" endtime="20231215 15:27:20.711"/>
</kw>
<kw name="Send Keys" library="RPA.Windows">
<arg>keys={ENTER}</arg>
<tag>action</tag>
<tag>keyboard</tag>
<doc>Send keys to desktop, current window or to Control element
defined by given locator.</doc>
<status status="NOT RUN" starttime="20231215 15:27:20.711" endtime="20231215 15:27:20.711"/>
</kw>
<kw name="Send Keys" library="RPA.Windows">
<arg>keys=${numerotipo}</arg>
<tag>action</tag>
<tag>keyboard</tag>
<doc>Send keys to desktop, current window or to Control element
defined by given locator.</doc>
<status status="NOT RUN" starttime="20231215 15:27:20.711" endtime="20231215 15:27:20.711"/>
</kw>
<kw name="Click" library="RPA.Windows">
<arg>id:43</arg>
<tag>action</tag>
<tag>mouse</tag>
<doc>Mouse click on element matching given locator.</doc>
<status status="NOT RUN" starttime="20231215 15:27:20.711" endtime="20231215 15:27:20.711"/>
</kw>
<kw name="Sleep" library="BuiltIn">
<arg>1.5s</arg>
<doc>Pauses the test executed for the given time.</doc>
<status status="NOT RUN" starttime="20231215 15:27:20.711" endtime="20231215 15:27:20.711"/>
</kw>
<kw name="Send Keys" library="RPA.Windows">
<arg>keys={ALT}</arg>
<tag>action</tag>
<tag>keyboard</tag>
<doc>Send keys to desktop, current window or to Control element
defined by given locator.</doc>
<status status="NOT RUN" starttime="20231215 15:27:20.711" endtime="20231215 15:27:20.711"/>
</kw>
<kw name="Click" library="RPA.Windows">
<arg>id:48</arg>
<tag>action</tag>
<tag>mouse</tag>
<doc>Mouse click on element matching given locator.</doc>
<status status="NOT RUN" starttime="20231215 15:27:20.711" endtime="20231215 15:27:20.711"/>
</kw>
<kw name="Send Keys" library="RPA.Windows">
<arg>keys={RIGHT}</arg>
<tag>action</tag>
<tag>keyboard</tag>
<doc>Send keys to desktop, current window or to Control element
defined by given locator.</doc>
<status status="NOT RUN" starttime="20231215 15:27:20.711" endtime="20231215 15:27:20.711"/>
</kw>
<kw name="Send Keys" library="RPA.Windows">
<arg>keys={LEFT}</arg>
<tag>action</tag>
<tag>keyboard</tag>
<doc>Send keys to desktop, current window or to Control element
defined by given locator.</doc>
<status status="NOT RUN" starttime="20231215 15:27:20.711" endtime="20231215 15:27:20.711"/>
</kw>
<kw name="Click" library="RPA.Windows">
<arg>id:19</arg>
<arg>timeout=10</arg>
<tag>action</tag>
<tag>mouse</tag>
<doc>Mouse click on element matching given locator.</doc>
<status status="NOT RUN" starttime="20231215 15:27:20.711" endtime="20231215 15:27:20.711"/>
</kw>
<kw name="Click" library="RPA.Windows">
<arg>id:1001</arg>
<arg>timeout=10</arg>
<tag>action</tag>
<tag>mouse</tag>
<doc>Mouse click on element matching given locator.</doc>
<status status="NOT RUN" starttime="20231215 15:27:20.711" endtime="20231215 15:27:20.711"/>
</kw>
<kw name="Click" library="RPA.Windows">
<arg>id:10</arg>
<arg>timeout=10</arg>
<tag>action</tag>
<tag>mouse</tag>
<doc>Mouse click on element matching given locator.</doc>
<status status="NOT RUN" starttime="20231215 15:27:20.711" endtime="20231215 15:27:20.711"/>
</kw>
<kw name="Sleep" library="BuiltIn">
<arg>15s</arg>
<doc>Pauses the test executed for the given time.</doc>
<status status="NOT RUN" starttime="20231215 15:27:20.711" endtime="20231215 15:27:20.711"/>
</kw>
<kw name="Double Click" library="RPA.Windows">
<arg>id:1148</arg>
<arg>timeout=160</arg>
<tag>action</tag>
<tag>mouse</tag>
<doc>Double mouse click on element matching given locator.</doc>
<status status="NOT RUN" starttime="20231215 15:27:20.711" endtime="20231215 15:27:20.711"/>
</kw>
<kw name="Send Keys" library="RPA.Windows">
<arg>keys={CTRL}{A}</arg>
<tag>action</tag>
<tag>keyboard</tag>
<doc>Send keys to desktop, current window or to Control element
defined by given locator.</doc>
<status status="NOT RUN" starttime="20231215 15:27:20.711" endtime="20231215 15:27:20.711"/>
</kw>
<kw name="Send Keys" library="RPA.Windows">
<arg>keys={DEL}</arg>
<tag>action</tag>
<tag>keyboard</tag>
<doc>Send keys to desktop, current window or to Control element
defined by given locator.</doc>
<status status="NOT RUN" starttime="20231215 15:27:20.711" endtime="20231215 15:27:20.711"/>
</kw>
<kw name="Sleep" library="BuiltIn">
<arg>0.5s</arg>
<doc>Pauses the test executed for the given time.</doc>
<status status="NOT RUN" starttime="20231215 15:27:20.711" endtime="20231215 15:27:20.711"/>
</kw>
<kw name="Convert To Integer" library="BuiltIn">
<var>${contador}</var>
<arg>${contador}</arg>
<doc>Converts the given item to an integer number.</doc>
<status status="NOT RUN" starttime="20231215 15:27:20.711" endtime="20231215 15:27:20.711"/>
</kw>
<kw name="Evaluate" library="BuiltIn">
<var>${contador}</var>
<arg>${contador} + 1</arg>
<doc>Evaluates the given expression in Python and returns the result.</doc>
<status status="NOT RUN" starttime="20231215 15:27:20.711" endtime="20231215 15:27:20.711"/>
</kw>
<kw name="Set Variable" library="BuiltIn">
<var>${numero_de_afectacion}</var>
<arg>${num3}_(${contador})</arg>
<doc>Returns the given values which can then be assigned to a variables.</doc>
<status status="NOT RUN" starttime="20231215 15:27:20.711" endtime="20231215 15:27:20.711"/>
</kw>
<kw name="Get Current Date" library="DateTime">
<var>${fecha_hoy}</var>
<doc>Returns current local or UTC time with an optional increment.</doc>
<status status="NOT RUN" starttime="20231215 15:27:20.711" endtime="20231215 15:27:20.711"/>
</kw>
<kw name="Convert Date" library="DateTime">
<var>${año}</var>
<arg>${fecha_hoy}</arg>
<arg>%Y</arg>
<doc>Converts between supported `date formats`.</doc>
<status status="NOT RUN" starttime="20231215 15:27:20.711" endtime="20231215 15:27:20.711"/>
</kw>
<kw name="Convert Date" library="DateTime">
<var>${mes}</var>
<arg>${fecha_hoy}</arg>
<arg>%m</arg>
<doc>Converts between supported `date formats`.</doc>
<status status="NOT RUN" starttime="20231215 15:27:20.711" endtime="20231215 15:27:20.711"/>
</kw>
<kw name="Convert Date" library="DateTime">
<var>${día}</var>
<arg>${fecha_hoy}</arg>
<arg>%d</arg>
<doc>Converts between supported `date formats`.</doc>
<status status="NOT RUN" starttime="20231215 15:27:20.711" endtime="20231215 15:27:20.711"/>
</kw>
<kw name="Set Variable" library="BuiltIn">
<var>${ruta_año}</var>
<arg>${descargas}\\${año}</arg>
<doc>Returns the given values which can then be assigned to a variables.</doc>
<status status="NOT RUN" starttime="20231215 15:27:20.711" endtime="20231215 15:27:20.711"/>
</kw>
<kw name="Set Variable" library="BuiltIn">
<var>${ruta_mes}</var>
<arg>${ruta_año}\\${mes}</arg>
<doc>Returns the given values which can then be assigned to a variables.</doc>
<status status="NOT RUN" starttime="20231215 15:27:20.711" endtime="20231215 15:27:20.711"/>
</kw>
<kw name="Set Variable" library="BuiltIn">
<var>${ruta_dia}</var>
<arg>${ruta_mes}\\${día}</arg>
<doc>Returns the given values which can then be assigned to a variables.</doc>
<status status="NOT RUN" starttime="20231215 15:27:20.711" endtime="20231215 15:27:20.711"/>
</kw>
<kw name="Send Keys" library="RPA.Windows">
<arg>keys=C:\\Users\\zcheveste\\Documents\\${año}\\${mes}\\${día}\\${nombre_carpeta}\\BOT_${numero_de_afectacion}.pdf</arg>
<tag>action</tag>
<tag>keyboard</tag>
<doc>Send keys to desktop, current window or to Control element
defined by given locator.</doc>
<status status="NOT RUN" starttime="20231215 15:27:20.711" endtime="20231215 15:27:20.711"/>
</kw>
<kw name="Sleep" library="BuiltIn">
<arg>3s</arg>
<doc>Pauses the test executed for the given time.</doc>
<status status="NOT RUN" starttime="20231215 15:27:20.711" endtime="20231215 15:27:20.711"/>
</kw>
<kw name="Send Keys" library="RPA.Windows">
<arg>keys={ENTER}</arg>
<tag>action</tag>
<tag>keyboard</tag>
<doc>Send keys to desktop, current window or to Control element
defined by given locator.</doc>
<status status="NOT RUN" starttime="20231215 15:27:20.711" endtime="20231215 15:27:20.711"/>
</kw>
<kw name="Click" library="RPA.Windows">
<arg>name:AVPageView</arg>
<arg>timeout=30</arg>
<tag>action</tag>
<tag>mouse</tag>
<doc>Mouse click on element matching given locator.</doc>
<status status="NOT RUN" starttime="20231215 15:27:20.711" endtime="20231215 15:27:20.711"/>
</kw>
<kw name="Send Keys" library="RPA.Windows">
<arg>keys={CTRL}{Q}</arg>
<tag>action</tag>
<tag>keyboard</tag>
<doc>Send keys to desktop, current window or to Control element
defined by given locator.</doc>
<status status="NOT RUN" starttime="20231215 15:27:20.711" endtime="20231215 15:27:20.711"/>
</kw>
<kw name="Sleep" library="BuiltIn">
<arg>2s</arg>
<doc>Pauses the test executed for the given time.</doc>
<status status="NOT RUN" starttime="20231215 15:27:20.711" endtime="20231215 15:27:20.711"/>
</kw>
<kw name="Click" library="RPA.Windows">
<arg>id:18</arg>
<tag>action</tag>
<tag>mouse</tag>
<doc>Mouse click on element matching given locator.</doc>
<status status="NOT RUN" starttime="20231215 15:27:20.711" endtime="20231215 15:27:20.711"/>
</kw>
<status status="NOT RUN" starttime="20231215 15:27:20.696" endtime="20231215 15:27:20.711"/>
</branch>
<status status="NOT RUN" starttime="20231215 15:27:20.696" endtime="20231215 15:27:20.711"/>
</if>
<kw name="Sleep" library="BuiltIn">
<arg>3s</arg>
<doc>Pauses the test executed for the given time.</doc>
<status status="NOT RUN" starttime="20231215 15:27:20.711" endtime="20231215 15:27:20.711"/>
</kw>
<status status="NOT RUN" starttime="20231215 15:27:20.696" endtime="20231215 15:27:20.711"/>
</branch>
<status status="PASS" starttime="20231215 15:27:20.696" endtime="20231215 15:27:20.711"/>
</if>
<status status="PASS" starttime="20231215 15:27:20.696" endtime="20231215 15:27:20.711"/>
</branch>
<status status="PASS" starttime="20231215 15:27:20.696" endtime="20231215 15:27:20.711"/>
</if>
<status status="PASS" starttime="20231215 15:27:20.664" endtime="20231215 15:27:20.711"/>
</iter>
<iter>
<var name="${row}">{'SERVICIO': 'ESTACIONAMIENTO INTELIGENTE', 'PROVEEDOR': 'OCAMPO BEATRIZ VIVIANA ', 'TIPO': 16, 'PROV TIPO': 1, 'NUMERO': 12219, 'JURISDICCION': '1.1.1.01.43.000', 'CAT.PROG': 19.01, 'FF': '1.1.0', 'O...</var>
<kw name="Open Workbook" library="RPA.Excel.Files">
<arg>${excel_factura}</arg>
<doc>Open an existing Excel workbook.</doc>
<msg timestamp="20231215 15:27:20.711" level="INFO">Closing workbook: &lt;RPA.Excel.Files.XlsxWorkbook object at 0x0000028B80D31D50&gt;</msg>
<msg timestamp="20231215 15:27:20.727" level="INFO">Opened workbook: &lt;RPA.Excel.Files.XlsxWorkbook object at 0x0000028B80CE7F10&gt;</msg>
<status status="PASS" starttime="20231215 15:27:20.711" endtime="20231215 15:27:20.727"/>
</kw>
<kw name="Set Variable" library="BuiltIn">
<var>${factura1}</var>
<arg>${row["TIPO FACTURA"]}</arg>
<doc>Returns the given values which can then be assigned to a variables.</doc>
<msg timestamp="20231215 15:27:20.727" level="INFO">${factura1} = 49</msg>
<status status="PASS" starttime="20231215 15:27:20.727" endtime="20231215 15:27:20.727"/>
</kw>
<kw name="Convert To Integer" library="BuiltIn">
<var>${factura1}</var>
<arg>${factura1}</arg>
<doc>Converts the given item to an integer number.</doc>
<msg timestamp="20231215 15:27:20.727" level="INFO">${factura1} = 49</msg>
<status status="PASS" starttime="20231215 15:27:20.727" endtime="20231215 15:27:20.727"/>
</kw>
<kw name="Get Cell Value" library="RPA.Excel.Files">
<var>${celdavacia}</var>
<arg>${factura1}</arg>
<arg>K</arg>
<doc>Get a cell value in the given worksheet.</doc>
<msg timestamp="20231215 15:27:20.727" level="INFO">${celdavacia} = None</msg>
<status status="PASS" starttime="20231215 15:27:20.727" endtime="20231215 15:27:20.727"/>
</kw>
<if>
<branch type="IF" condition="'${celdavacia}' != 'null'">
<kw name="Set Variable" library="BuiltIn">
<var>${numeroc1}</var>
<arg>${row["NUMERO"]}</arg>
<doc>Returns the given values which can then be assigned to a variables.</doc>
<msg timestamp="20231215 15:27:20.727" level="INFO">${numeroc1} = 12219</msg>
<status status="PASS" starttime="20231215 15:27:20.727" endtime="20231215 15:27:20.727"/>
</kw>
<if>
<branch type="IF" condition="${numero_cuenta}==${numeroc1}">
<kw name="Set Variable" library="BuiltIn">
<var>${estado}</var>
<arg>${row['COMPROBANTES']}</arg>
<doc>Returns the given values which can then be assigned to a variables.</doc>
<msg timestamp="20231215 15:27:20.727" level="INFO">${estado} = None</msg>
<status status="PASS" starttime="20231215 15:27:20.727" endtime="20231215 15:27:20.727"/>
</kw>
<if>
<branch type="IF" condition="'${estado}' != 'OK'">
<kw name="Log" library="BuiltIn">
<arg>Checking row con el estado</arg>
<doc>Logs the given message with the given level.</doc>
<msg timestamp="20231215 15:27:20.727" level="INFO">Checking row con el estado</msg>
<status status="PASS" starttime="20231215 15:27:20.727" endtime="20231215 15:27:20.727"/>
</kw>
<status status="PASS" starttime="20231215 15:27:20.727" endtime="20231215 15:27:20.727"/>
</branch>
<branch type="ELSE">
<kw name="Continue For Loop If" library="BuiltIn">
<arg>'${estado}' == 'OK'</arg>
<doc>Skips the current FOR loop iteration if the ``condition`` is true.</doc>
<status status="NOT RUN" starttime="20231215 15:27:20.727" endtime="20231215 15:27:20.727"/>
</kw>
<kw name="Log" library="BuiltIn">
<arg>Skipping row with "OK"</arg>
<doc>Logs the given message with the given level.</doc>
<status status="NOT RUN" starttime="20231215 15:27:20.727" endtime="20231215 15:27:20.727"/>
</kw>
<status status="NOT RUN" starttime="20231215 15:27:20.727" endtime="20231215 15:27:20.727"/>
</branch>
<status status="PASS" starttime="20231215 15:27:20.727" endtime="20231215 15:27:20.727"/>
</if>
<kw name="Click" library="RPA.Windows">
<arg>name:Transacciones</arg>
<arg>timeout=60</arg>
<tag>action</tag>
<tag>mouse</tag>
<doc>Mouse click on element matching given locator.</doc>
<msg timestamp="20231215 15:27:20.727" level="INFO">Locator timeout set to: 60.000000</msg>
<msg timestamp="20231215 15:27:20.727" level="INFO">Getting element with locator: name:Transacciones</msg>
<msg timestamp="20231215 15:27:20.743" level="INFO">Resulted root element: WindowsElement(item=&lt;uiautomation.uiautomation.PaneControl object at 0x0000028B80CCDB50&gt;, locator=None, name='Escritorio 1', automation_id='', control_type='PaneControl', class_name='#32769', left=0, right=1366, top=0, bottom=768, width=1366, height=768, xcenter=683, ycenter=384)</msg>
<msg timestamp="20231215 15:27:20.743" level="INFO">Locator 'name:Transacciones' produced matcher: MatchObject(locators=[('Name', 'Transacciones', 0)], _classes=set(), max_level=0)</msg>
<msg timestamp="20231215 15:27:31.054" level="INFO">Returning element: WindowsElement(item=&lt;uiautomation.uiautomation.MenuItemControl object at 0x0000028B80D20810&gt;, locator='name:Transacciones', name='Transacciones', automation_id='', control_type='MenuItemControl', class_name='', left=154, right=241, top=26, bottom=45, width=87, height=19, xcenter=197, ycenter=35)</msg>
<status status="PASS" starttime="20231215 15:27:20.727" endtime="20231215 15:27:31.627"/>
</kw>
<kw name="Click" library="RPA.Windows">
<arg>name:Comprobantes</arg>
<arg>timeout=30</arg>
<tag>action</tag>
<tag>mouse</tag>
<doc>Mouse click on element matching given locator.</doc>
<msg timestamp="20231215 15:27:31.627" level="INFO">Locator timeout set to: 30.000000</msg>
<msg timestamp="20231215 15:27:31.627" level="INFO">Getting element with locator: name:Comprobantes</msg>
<msg timestamp="20231215 15:27:31.627" level="INFO">Resulted root element: WindowsElement(item=&lt;uiautomation.uiautomation.PaneControl object at 0x0000028B80E835D0&gt;, locator=None, name='Escritorio 1', automation_id='', control_type='PaneControl', class_name='#32769', left=0, right=1366, top=0, bottom=768, width=1366, height=768, xcenter=683, ycenter=384)</msg>
<msg timestamp="20231215 15:27:31.627" level="INFO">Locator 'name:Comprobantes' produced matcher: MatchObject(locators=[('Name', 'Comprobantes', 0)], _classes=set(), max_level=0)</msg>
<msg timestamp="20231215 15:27:31.690" level="INFO">Returning element: WindowsElement(item=&lt;uiautomation.uiautomation.MenuItemControl object at 0x0000028B80E830D0&gt;, locator='name:Comprobantes', name='Comprobantes', automation_id='102', control_type='MenuItemControl', class_name='', left=157, right=391, top=136, bottom=158, width=234, height=22, xcenter=274, ycenter=147)</msg>
<status status="PASS" starttime="20231215 15:27:31.627" endtime="20231215 15:27:32.259"/>
</kw>
<kw name="Click" library="RPA.Windows">
<arg>id:43</arg>
<arg>timeout=60</arg>
<tag>action</tag>
<tag>mouse</tag>
<doc>Mouse click on element matching given locator.</doc>
<msg timestamp="20231215 15:27:32.259" level="INFO">Locator timeout set to: 60.000000</msg>
<msg timestamp="20231215 15:27:32.259" level="INFO">Getting element with locator: id:43</msg>
<msg timestamp="20231215 15:27:32.259" level="INFO">Resulted root element: WindowsElement(item=&lt;uiautomation.uiautomation.PaneControl object at 0x0000028B80E81E10&gt;, locator=None, name='Escritorio 1', automation_id='', control_type='PaneControl', class_name='#32769', left=0, right=1366, top=0, bottom=768, width=1366, height=768, xcenter=683, ycenter=384)</msg>
<msg timestamp="20231215 15:27:32.259" level="INFO">Locator 'id:43' produced matcher: MatchObject(locators=[('AutomationId', '43', 0)], _classes=set(), max_level=0)</msg>
<msg timestamp="20231215 15:27:32.306" level="INFO">Returning element: WindowsElement(item=&lt;uiautomation.uiautomation.ButtonControl object at 0x0000028B80E81B90&gt;, locator='id:43', name='Nuevo', automation_id='43', control_type='ButtonControl', class_name='ThunderRT6CommandButton', left=305, right=354, top=197, bottom=220, width=49, height=23, xcenter=329, ycenter=208)</msg>
<status status="PASS" starttime="20231215 15:27:32.259" endtime="20231215 15:27:32.876"/>
</kw>
<kw name="Sleep" library="BuiltIn">
<arg>0.5s</arg>
<doc>Pauses the test executed for the given time.</doc>
<msg timestamp="20231215 15:27:33.376" level="INFO">Slept 500 milliseconds</msg>
<status status="PASS" starttime="20231215 15:27:32.876" endtime="20231215 15:27:33.376"/>
</kw>
<kw name="Set Variable" library="BuiltIn">
<var>${provtipo}</var>
<arg>${row["PROV TIPO"]}</arg>
<doc>Returns the given values which can then be assigned to a variables.</doc>
<msg timestamp="20231215 15:27:33.376" level="INFO">${provtipo} = 1</msg>
<status status="PASS" starttime="20231215 15:27:33.376" endtime="20231215 15:27:33.376"/>
</kw>
<kw name="Send Keys" library="RPA.Windows">
<arg>id:10</arg>
<arg>keys=${provtipo}</arg>
<tag>action</tag>
<tag>keyboard</tag>
<doc>Send keys to desktop, current window or to Control element
defined by given locator.</doc>
<msg timestamp="20231215 15:27:33.376" level="INFO">Getting element with locator: id:10</msg>
<msg timestamp="20231215 15:27:33.376" level="INFO">Resulted root element: WindowsElement(item=&lt;uiautomation.uiautomation.PaneControl object at 0x0000028B80E9B250&gt;, locator=None, name='Escritorio 1', automation_id='', control_type='PaneControl', class_name='#32769', left=0, right=1366, top=0, bottom=768, width=1366, height=768, xcenter=683, ycenter=384)</msg>
<msg timestamp="20231215 15:27:33.376" level="INFO">Locator 'id:10' produced matcher: MatchObject(locators=[('AutomationId', '10', 0)], _classes=set(), max_level=0)</msg>
<msg timestamp="20231215 15:27:33.439" level="INFO">Returning element: WindowsElement(item=&lt;uiautomation.uiautomation.EditControl object at 0x0000028B80E9AD50&gt;, locator='id:10', name='', automation_id='10', control_type='EditControl', class_name='ThunderRT6TextBox', left=366, right=402, top=246, bottom=265, width=36, height=19, xcenter=384, ycenter=255)</msg>
<msg timestamp="20231215 15:27:33.439" level="INFO">Sending keys '1' to element: ControlType: EditControl    ClassName: ThunderRT6TextBox    AutomationId: 10    Rect: (366,246,402,265)[36x19]    Name: ''    Handle: 0x22036E(2229102)</msg>
<status status="PASS" starttime="20231215 15:27:33.376" endtime="20231215 15:27:33.953"/>
</kw>
<kw name="Set Variable" library="BuiltIn">
<var>${numerotipo}</var>
<arg>${row["NUMERO"]}</arg>
<doc>Returns the given values which can then be assigned to a variables.</doc>
<msg timestamp="20231215 15:27:33.953" level="INFO">${numerotipo} = 12219</msg>
<status status="PASS" starttime="20231215 15:27:33.953" endtime="20231215 15:27:33.953"/>
</kw>
<kw name="Send Keys" library="RPA.Windows">
<arg>id:11</arg>
<arg>${numerotipo}</arg>
<tag>action</tag>
<tag>keyboard</tag>
<doc>Send keys to desktop, current window or to Control element
defined by given locator.</doc>
<msg timestamp="20231215 15:27:33.953" level="INFO">Getting element with locator: id:11</msg>
<msg timestamp="20231215 15:27:33.953" level="INFO">Resulted root element: WindowsElement(item=&lt;uiautomation.uiautomation.PaneControl object at 0x0000028B80E9AB50&gt;, locator=None, name='Escritorio 1', automation_id='', control_type='PaneControl', class_name='#32769', left=0, right=1366, top=0, bottom=768, width=1366, height=768, xcenter=683, ycenter=384)</msg>
<msg timestamp="20231215 15:27:33.953" level="INFO">Locator 'id:11' produced matcher: MatchObject(locators=[('AutomationId', '11', 0)], _classes=set(), max_level=0)</msg>
<msg timestamp="20231215 15:27:34.015" level="INFO">Returning element: WindowsElement(item=&lt;uiautomation.uiautomation.EditControl object at 0x0000028B80E985D0&gt;, locator='id:11', name='', automation_id='11', control_type='EditControl', class_name='ThunderRT6TextBox', left=366, right=429, top=266, bottom=285, width=63, height=19, xcenter=397, ycenter=275)</msg>
<msg timestamp="20231215 15:27:34.015" level="INFO">Sending keys '12219' to element: ControlType: EditControl    ClassName: ThunderRT6TextBox    AutomationId: 11    Rect: (366,266,429,285)[63x19]    Name: ''    Handle: 0x1C058E(1836430)</msg>
<status status="PASS" starttime="20231215 15:27:33.953" endtime="20231215 15:27:34.575"/>
</kw>
<kw name="Send Keys" library="RPA.Windows">
<arg>keys={ENTER}</arg>
<tag>action</tag>
<tag>keyboard</tag>
<doc>Send keys to desktop, current window or to Control element
defined by given locator.</doc>
<msg timestamp="20231215 15:27:34.575" level="INFO">Sending keys '{ENTER}' to element: &lt;module 'uiautomation' from 'C:\\Users\\zcheveste\\AppData\\Local\\Packages\\PythonSoftwareFoundation.Python.3.11_qbz5n2kfra8p0\\LocalCache\\local-packages\\Python311\\site-packages\\uiautomation\\__init__.py'&gt;</msg>
<status status="PASS" starttime="20231215 15:27:34.575" endtime="20231215 15:27:35.097"/>
</kw>
<kw name="Sleep" library="BuiltIn">
<arg>0.5s</arg>
<doc>Pauses the test executed for the given time.</doc>
<msg timestamp="20231215 15:27:35.597" level="INFO">Slept 500 milliseconds</msg>
<status status="PASS" starttime="20231215 15:27:35.097" endtime="20231215 15:27:35.597"/>
</kw>
<kw name="Send Keys" library="RPA.Windows">
<arg>keys={DELETE}</arg>
<tag>action</tag>
<tag>keyboard</tag>
<doc>Send keys to desktop, current window or to Control element
defined by given locator.</doc>
<msg timestamp="20231215 15:27:35.597" level="INFO">Sending keys '{DELETE}' to element: &lt;module 'uiautomation' from 'C:\\Users\\zcheveste\\AppData\\Local\\Packages\\PythonSoftwareFoundation.Python.3.11_qbz5n2kfra8p0\\LocalCache\\local-packages\\Python311\\site-packages\\uiautomation\\__init__.py'&gt;</msg>
<status status="PASS" starttime="20231215 15:27:35.597" endtime="20231215 15:27:36.119"/>
</kw>
<kw name="Sleep" library="BuiltIn">
<arg>0.5s</arg>
<doc>Pauses the test executed for the given time.</doc>
<msg timestamp="20231215 15:27:36.620" level="INFO">Slept 500 milliseconds</msg>
<status status="PASS" starttime="20231215 15:27:36.119" endtime="20231215 15:27:36.620"/>
</kw>
<kw name="Send Keys" library="RPA.Windows">
<arg>keys={DELETE}</arg>
<tag>action</tag>
<tag>keyboard</tag>
<doc>Send keys to desktop, current window or to Control element
defined by given locator.</doc>
<msg timestamp="20231215 15:27:36.620" level="INFO">Sending keys '{DELETE}' to element: &lt;module 'uiautomation' from 'C:\\Users\\zcheveste\\AppData\\Local\\Packages\\PythonSoftwareFoundation.Python.3.11_qbz5n2kfra8p0\\LocalCache\\local-packages\\Python311\\site-packages\\uiautomation\\__init__.py'&gt;</msg>
<status status="PASS" starttime="20231215 15:27:36.620" endtime="20231215 15:27:37.141"/>
</kw>
<kw name="Set Variable" library="BuiltIn">
<var>${tipofb}</var>
<arg>${row["TIPO FACTURA"]}</arg>
<doc>Returns the given values which can then be assigned to a variables.</doc>
<msg timestamp="20231215 15:27:37.141" level="INFO">${tipofb} = 49</msg>
<status status="PASS" starttime="20231215 15:27:37.141" endtime="20231215 15:27:37.141"/>
</kw>
<kw name="Send Keys" library="RPA.Windows">
<arg>id:7</arg>
<arg>keys=${tipofb}</arg>
<tag>action</tag>
<tag>keyboard</tag>
<doc>Send keys to desktop, current window or to Control element
defined by given locator.</doc>
<msg timestamp="20231215 15:27:37.141" level="INFO">Getting element with locator: id:7</msg>
<msg timestamp="20231215 15:27:37.141" level="INFO">Resulted root element: WindowsElement(item=&lt;uiautomation.uiautomation.PaneControl object at 0x0000028B80D51C10&gt;, locator=None, name='Escritorio 1', automation_id='', control_type='PaneControl', class_name='#32769', left=0, right=1366, top=0, bottom=768, width=1366, height=768, xcenter=683, ycenter=384)</msg>
<msg timestamp="20231215 15:27:37.141" level="INFO">Locator 'id:7' produced matcher: MatchObject(locators=[('AutomationId', '7', 0)], _classes=set(), max_level=0)</msg>
<msg timestamp="20231215 15:27:37.188" level="INFO">Returning element: WindowsElement(item=&lt;uiautomation.uiautomation.EditControl object at 0x0000028B80D23290&gt;, locator='id:7', name='', automation_id='7', control_type='EditControl', class_name='ThunderRT6TextBox', left=758, right=793, top=246, bottom=265, width=35, height=19, xcenter=775, ycenter=255)</msg>
[...]
<status status="NOT RUN" starttime="20231215 15:28:20.937" endtime="20231215 15:28:20.937"/>
</kw>
<kw name="Click" library="RPA.Windows">
<arg>id:22</arg>
<arg>timeout=10</arg>
<tag>action</tag>
<tag>mouse</tag>
<doc>Mouse click on element matching given locator.</doc>
<status status="NOT RUN" starttime="20231215 15:28:20.937" endtime="20231215 15:28:20.937"/>
</kw>
<kw name="Send Keys" library="RPA.Windows">
<arg>keys={ENTER}</arg>
<tag>action</tag>
<tag>keyboard</tag>
<doc>Send keys to desktop, current window or to Control element
defined by given locator.</doc>
<status status="NOT RUN" starttime="20231215 15:28:20.937" endtime="20231215 15:28:20.937"/>
</kw>
<kw name="Send Keys" library="RPA.Windows">
<arg>id:37</arg>
<arg>keys=${provtipo}</arg>
<tag>action</tag>
<tag>keyboard</tag>
<doc>Send keys to desktop, current window or to Control element
defined by given locator.</doc>
<status status="NOT RUN" starttime="20231215 15:28:20.937" endtime="20231215 15:28:20.937"/>
</kw>
<kw name="Send Keys" library="RPA.Windows">
<arg>id:38</arg>
<arg>${numerotipo}</arg>
<tag>action</tag>
<tag>keyboard</tag>
<doc>Send keys to desktop, current window or to Control element
defined by given locator.</doc>
<status status="NOT RUN" starttime="20231215 15:28:20.937" endtime="20231215 15:28:20.937"/>
</kw>
<kw name="Sleep" library="BuiltIn">
<arg>0.5s</arg>
<doc>Pauses the test executed for the given time.</doc>
<status status="NOT RUN" starttime="20231215 15:28:20.937" endtime="20231215 15:28:20.937"/>
</kw>
<kw name="Send Keys" library="RPA.Windows">
<arg>keys={TAB 6}</arg>
<tag>action</tag>
<tag>keyboard</tag>
<doc>Send keys to desktop, current window or to Control element
defined by given locator.</doc>
<status status="NOT RUN" starttime="20231215 15:28:20.937" endtime="20231215 15:28:20.937"/>
</kw>
<kw name="Send Keys" library="RPA.Windows">
<arg>keys={ENTER}</arg>
<tag>action</tag>
<tag>keyboard</tag>
<doc>Send keys to desktop, current window or to Control element
defined by given locator.</doc>
<status status="NOT RUN" starttime="20231215 15:28:20.937" endtime="20231215 15:28:20.937"/>
</kw>
<kw name="Send Keys" library="RPA.Windows">
<arg>id:11</arg>
<arg>${afectacion}</arg>
<tag>action</tag>
<tag>keyboard</tag>
<doc>Send keys to desktop, current window or to Control element
defined by given locator.</doc>
<status status="NOT RUN" starttime="20231215 15:28:20.937" endtime="20231215 15:28:20.937"/>
</kw>
<kw name="Send Keys" library="RPA.Windows">
<arg>id:6</arg>
<arg>${num3}</arg>
<tag>action</tag>
<tag>keyboard</tag>
<doc>Send keys to desktop, current window or to Control element
defined by given locator.</doc>
<status status="NOT RUN" starttime="20231215 15:28:20.937" endtime="20231215 15:28:20.937"/>
</kw>
<kw name="Send Keys" library="RPA.Windows">
<arg>keys={TAB 2}</arg>
<tag>action</tag>
<tag>keyboard</tag>
<doc>Send keys to desktop, current window or to Control element
defined by given locator.</doc>
<status status="NOT RUN" starttime="20231215 15:28:20.937" endtime="20231215 15:28:20.937"/>
</kw>
<kw name="Send Keys" library="RPA.Windows">
<arg>keys={ENTER}</arg>
<tag>action</tag>
<tag>keyboard</tag>
<doc>Send keys to desktop, current window or to Control element
defined by given locator.</doc>
<status status="NOT RUN" starttime="20231215 15:28:20.937" endtime="20231215 15:28:20.937"/>
</kw>
<kw name="Send Keys" library="RPA.Windows">
<arg>keys={TAB}{DOWN}</arg>
<tag>action</tag>
<tag>keyboard</tag>
<doc>Send keys to desktop, current window or to Control element
defined by given locator.</doc>
<status status="NOT RUN" starttime="20231215 15:28:20.937" endtime="20231215 15:28:20.937"/>
</kw>
<kw name="Send Keys" library="RPA.Windows">
<arg>keys={ENTER}</arg>
<tag>action</tag>
<tag>keyboard</tag>
<doc>Send keys to desktop, current window or to Control element
defined by given locator.</doc>
<status status="NOT RUN" starttime="20231215 15:28:20.937" endtime="20231215 15:28:20.937"/>
</kw>
<kw name="Sleep" library="BuiltIn">
<arg>3s</arg>
<doc>Pauses the test executed for the given time.</doc>
<status status="NOT RUN" starttime="20231215 15:28:20.937" endtime="20231215 15:28:20.937"/>
</kw>
<kw name="Click" library="RPA.Windows">
<arg>id:23</arg>
<arg>timeout=10</arg>
<tag>action</tag>
<tag>mouse</tag>
<doc>Mouse click on element matching given locator.</doc>
<status status="NOT RUN" starttime="20231215 15:28:20.937" endtime="20231215 15:28:20.937"/>
</kw>
<kw name="Sleep" library="BuiltIn">
<arg>1.5s</arg>
<doc>Pauses the test executed for the given time.</doc>
<status status="NOT RUN" starttime="20231215 15:28:20.937" endtime="20231215 15:28:20.937"/>
</kw>
<kw name="Open Workbook" library="RPA.Excel.Files">
<arg>${excel_factura}</arg>
<doc>Open an existing Excel workbook.</doc>
<status status="NOT RUN" starttime="20231215 15:28:20.937" endtime="20231215 15:28:20.937"/>
</kw>
<kw name="Set Variable" library="BuiltIn">
<var>${numerofila3}</var>
<arg>${row["ORDEN"]}</arg>
<doc>Returns the given values which can then be assigned to a variables.</doc>
<status status="NOT RUN" starttime="20231215 15:28:20.937" endtime="20231215 15:28:20.937"/>
</kw>
<kw name="Convert To Integer" library="BuiltIn">
<var>${numerofila2}</var>
<arg>${numerofila3}</arg>
<doc>Converts the given item to an integer number.</doc>
<status status="NOT RUN" starttime="20231215 15:28:20.937" endtime="20231215 15:28:20.937"/>
</kw>
<kw name="Set Cell Value" library="RPA.Excel.Files">
<arg>${numerofila2}</arg>
<arg>${column_name2}</arg>
<arg>${value_to_write}</arg>
<doc>Set a cell value in the given worksheet.</doc>
<status status="NOT RUN" starttime="20231215 15:28:20.937" endtime="20231215 15:28:20.937"/>
</kw>
<kw name="Log" library="BuiltIn">
<arg>Se cambió el valor de la celda a OK</arg>
<doc>Logs the given message with the given level.</doc>
<status status="NOT RUN" starttime="20231215 15:28:20.937" endtime="20231215 15:28:20.937"/>
</kw>
<kw name="Save Workbook" library="RPA.Excel.Files">
<doc>Save the active workbook.</doc>
<status status="NOT RUN" starttime="20231215 15:28:20.937" endtime="20231215 15:28:20.937"/>
</kw>
<kw name="Sleep" library="BuiltIn">
<arg>3s</arg>
<doc>Pauses the test executed for the given time.</doc>
<status status="NOT RUN" starttime="20231215 15:28:20.937" endtime="20231215 15:28:20.937"/>
</kw>
<kw name="Close Workbook" library="RPA.Excel.Files">
<doc>Close the active workbook.</doc>
<status status="NOT RUN" starttime="20231215 15:28:20.937" endtime="20231215 15:28:20.937"/>
</kw>
<kw name="Click" library="RPA.Windows">
<arg>id:48</arg>
<arg>timeout=10</arg>
<tag>action</tag>
<tag>mouse</tag>
<doc>Mouse click on element matching given locator.</doc>
<status status="NOT RUN" starttime="20231215 15:28:20.937" endtime="20231215 15:28:20.937"/>
</kw>
<kw name="Send Keys" library="RPA.Windows">
<arg>keys={RIGHT 3}</arg>
<tag>action</tag>
<tag>keyboard</tag>
<doc>Send keys to desktop, current window or to Control element
defined by given locator.</doc>
<status status="NOT RUN" starttime="20231215 15:28:20.937" endtime="20231215 15:28:20.937"/>
</kw>
<kw name="Click" library="RPA.Windows">
<arg>id:45</arg>
<tag>action</tag>
<tag>mouse</tag>
<doc>Mouse click on element matching given locator.</doc>
<status status="NOT RUN" starttime="20231215 15:28:20.937" endtime="20231215 15:28:20.937"/>
</kw>
<kw name="Send Keys" library="RPA.Windows">
<arg>keys=${observacion}</arg>
<tag>action</tag>
<tag>keyboard</tag>
<doc>Send keys to desktop, current window or to Control element
defined by given locator.</doc>
<status status="NOT RUN" starttime="20231215 15:28:20.937" endtime="20231215 15:28:20.937"/>
</kw>
<kw name="Send Keys" library="RPA.Windows">
<arg>keys={ENTER}</arg>
<tag>action</tag>
<tag>keyboard</tag>
<doc>Send keys to desktop, current window or to Control element
defined by given locator.</doc>
<status status="NOT RUN" starttime="20231215 15:28:20.937" endtime="20231215 15:28:20.937"/>
</kw>
<kw name="Send Keys" library="RPA.Windows">
<arg>keys=${periodo}</arg>
<tag>action</tag>
<tag>keyboard</tag>
<doc>Send keys to desktop, current window or to Control element
defined by given locator.</doc>
<status status="NOT RUN" starttime="20231215 15:28:20.937" endtime="20231215 15:28:20.937"/>
</kw>
<kw name="Send Keys" library="RPA.Windows">
<arg>keys={ENTER}</arg>
<tag>action</tag>
<tag>keyboard</tag>
<doc>Send keys to desktop, current window or to Control element
defined by given locator.</doc>
<status status="NOT RUN" starttime="20231215 15:28:20.937" endtime="20231215 15:28:20.937"/>
</kw>
<kw name="Set Variable" library="BuiltIn">
<var>${prove}</var>
<arg>${row["PROVEEDOR"]}</arg>
<doc>Returns the given values which can then be assigned to a variables.</doc>
<status status="NOT RUN" starttime="20231215 15:28:20.937" endtime="20231215 15:28:20.937"/>
</kw>
<kw name="Send Keys" library="RPA.Windows">
<arg>keys=${prove}</arg>
<tag>action</tag>
<tag>keyboard</tag>
<doc>Send keys to desktop, current window or to Control element
defined by given locator.</doc>
<status status="NOT RUN" starttime="20231215 15:28:20.937" endtime="20231215 15:28:20.937"/>
</kw>
<kw name="Send Keys" library="RPA.Windows">
<arg>keys={ENTER}</arg>
<tag>action</tag>
<tag>keyboard</tag>
<doc>Send keys to desktop, current window or to Control element
defined by given locator.</doc>
<status status="NOT RUN" starttime="20231215 15:28:20.937" endtime="20231215 15:28:20.937"/>
</kw>
<kw name="Send Keys" library="RPA.Windows">
<arg>keys=${numerotipo}</arg>
<tag>action</tag>
<tag>keyboard</tag>
<doc>Send keys to desktop, current window or to Control element
defined by given locator.</doc>
<status status="NOT RUN" starttime="20231215 15:28:20.937" endtime="20231215 15:28:20.937"/>
</kw>
<kw name="Click" library="RPA.Windows">
<arg>id:43</arg>
<tag>action</tag>
<tag>mouse</tag>
<doc>Mouse click on element matching given locator.</doc>
<status status="NOT RUN" starttime="20231215 15:28:20.937" endtime="20231215 15:28:20.937"/>
</kw>
<kw name="Sleep" library="BuiltIn">
<arg>1.5s</arg>
<doc>Pauses the test executed for the given time.</doc>
<status status="NOT RUN" starttime="20231215 15:28:20.937" endtime="20231215 15:28:20.937"/>
</kw>
<kw name="Send Keys" library="RPA.Windows">
<arg>keys={ALT}</arg>
<tag>action</tag>
<tag>keyboard</tag>
<doc>Send keys to desktop, current window or to Control element
defined by given locator.</doc>
<status status="NOT RUN" starttime="20231215 15:28:20.937" endtime="20231215 15:28:20.937"/>
</kw>
<kw name="Click" library="RPA.Windows">
<arg>id:48</arg>
<tag>action</tag>
<tag>mouse</tag>
<doc>Mouse click on element matching given locator.</doc>
<status status="NOT RUN" starttime="20231215 15:28:20.937" endtime="20231215 15:28:20.937"/>
</kw>
<kw name="Send Keys" library="RPA.Windows">
<arg>keys={RIGHT}</arg>
<tag>action</tag>
<tag>keyboard</tag>
<doc>Send keys to desktop, current window or to Control element
defined by given locator.</doc>
<status status="NOT RUN" starttime="20231215 15:28:20.937" endtime="20231215 15:28:20.937"/>
</kw>
<kw name="Send Keys" library="RPA.Windows">
<arg>keys={LEFT}</arg>
<tag>action</tag>
<tag>keyboard</tag>
<doc>Send keys to desktop, current window or to Control element
defined by given locator.</doc>
<status status="NOT RUN" starttime="20231215 15:28:20.937" endtime="20231215 15:28:20.937"/>
</kw>
<kw name="Click" library="RPA.Windows">
<arg>id:19</arg>
<arg>timeout=10</arg>
<tag>action</tag>
<tag>mouse</tag>
<doc>Mouse click on element matching given locator.</doc>
<status status="NOT RUN" starttime="20231215 15:28:20.937" endtime="20231215 15:28:20.937"/>
</kw>
<kw name="Click" library="RPA.Windows">
<arg>id:1001</arg>
<arg>timeout=10</arg>
<tag>action</tag>
<tag>mouse</tag>
<doc>Mouse click on element matching given locator.</doc>
<status status="NOT RUN" starttime="20231215 15:28:20.937" endtime="20231215 15:28:20.937"/>
</kw>
<kw name="Click" library="RPA.Windows">
<arg>id:10</arg>
<arg>timeout=10</arg>
<tag>action</tag>
<tag>mouse</tag>
<doc>Mouse click on element matching given locator.</doc>
<status status="NOT RUN" starttime="20231215 15:28:20.937" endtime="20231215 15:28:20.937"/>
</kw>
<kw name="Sleep" library="BuiltIn">
<arg>15s</arg>
<doc>Pauses the test executed for the given time.</doc>
<status status="NOT RUN" starttime="20231215 15:28:20.937" endtime="20231215 15:28:20.937"/>
</kw>
<kw name="Double Click" library="RPA.Windows">
<arg>id:1148</arg>
<arg>timeout=160</arg>
<tag>action</tag>
<tag>mouse</tag>
<doc>Double mouse click on element matching given locator.</doc>
<status status="NOT RUN" starttime="20231215 15:28:20.937" endtime="20231215 15:28:20.937"/>
</kw>
<kw name="Send Keys" library="RPA.Windows">
<arg>keys={CTRL}{A}</arg>
<tag>action</tag>
<tag>keyboard</tag>
<doc>Send keys to desktop, current window or to Control element
defined by given locator.</doc>
<status status="NOT RUN" starttime="20231215 15:28:20.937" endtime="20231215 15:28:20.937"/>
</kw>
<kw name="Send Keys" library="RPA.Windows">
<arg>keys={DEL}</arg>
<tag>action</tag>
<tag>keyboard</tag>
<doc>Send keys to desktop, current window or to Control element
defined by given locator.</doc>
<status status="NOT RUN" starttime="20231215 15:28:20.937" endtime="20231215 15:28:20.937"/>
</kw>
<kw name="Sleep" library="BuiltIn">
<arg>0.5s</arg>
<doc>Pauses the test executed for the given time.</doc>
<status status="NOT RUN" starttime="20231215 15:28:20.937" endtime="20231215 15:28:20.937"/>
</kw>
<kw name="Convert To Integer" library="BuiltIn">
<var>${contador}</var>
<arg>${contador}</arg>
<doc>Converts the given item to an integer number.</doc>
<status status="NOT RUN" starttime="20231215 15:28:20.937" endtime="20231215 15:28:20.937"/>
</kw>
<kw name="Evaluate" library="BuiltIn">
<var>${contador}</var>
<arg>${contador} + 1</arg>
<doc>Evaluates the given expression in Python and returns the result.</doc>
<status status="NOT RUN" starttime="20231215 15:28:20.937" endtime="20231215 15:28:20.937"/>
</kw>
<kw name="Set Variable" library="BuiltIn">
<var>${numero_de_afectacion}</var>
<arg>${num3}_(${contador})</arg>
<doc>Returns the given values which can then be assigned to a variables.</doc>
<status status="NOT RUN" starttime="20231215 15:28:20.937" endtime="20231215 15:28:20.937"/>
</kw>
<kw name="Get Current Date" library="DateTime">
<var>${fecha_hoy}</var>
<doc>Returns current local or UTC time with an optional increment.</doc>
<status status="NOT RUN" starttime="20231215 15:28:20.937" endtime="20231215 15:28:20.937"/>
</kw>
<kw name="Convert Date" library="DateTime">
<var>${año}</var>
<arg>${fecha_hoy}</arg>
<arg>%Y</arg>
<doc>Converts between supported `date formats`.</doc>
<status status="NOT RUN" starttime="20231215 15:28:20.937" endtime="20231215 15:28:20.937"/>
</kw>
<kw name="Convert Date" library="DateTime">
<var>${mes}</var>
<arg>${fecha_hoy}</arg>
<arg>%m</arg>
<doc>Converts between supported `date formats`.</doc>
<status status="NOT RUN" starttime="20231215 15:28:20.937" endtime="20231215 15:28:20.937"/>
</kw>
<kw name="Convert Date" library="DateTime">
<var>${día}</var>
<arg>${fecha_hoy}</arg>
<arg>%d</arg>
<doc>Converts between supported `date formats`.</doc>
<status status="NOT RUN" starttime="20231215 15:28:20.937" endtime="20231215 15:28:20.937"/>
</kw>
<kw name="Set Variable" library="BuiltIn">
<var>${ruta_año}</var>
<arg>${descargas}\\${año}</arg>
<doc>Returns the given values which can then be assigned to a variables.</doc>
<status status="NOT RUN" starttime="20231215 15:28:20.937" endtime="20231215 15:28:20.937"/>
</kw>
<kw name="Set Variable" library="BuiltIn">
<var>${ruta_mes}</var>
<arg>${ruta_año}\\${mes}</arg>
<doc>Returns the given values which can then be assigned to a variables.</doc>
<status status="NOT RUN" starttime="20231215 15:28:20.937" endtime="20231215 15:28:20.937"/>
</kw>
<kw name="Set Variable" library="BuiltIn">
<var>${ruta_dia}</var>
<arg>${ruta_mes}\\${día}</arg>
<doc>Returns the given values which can then be assigned to a variables.</doc>
<status status="NOT RUN" starttime="20231215 15:28:20.937" endtime="20231215 15:28:20.937"/>
</kw>
<kw name="Send Keys" library="RPA.Windows">
<arg>keys=C:\\Users\\zcheveste\\Documents\\${año}\\${mes}\\${día}\\${nombre_carpeta}\\BOT_${numero_de_afectacion}.pdf</arg>
<tag>action</tag>
<tag>keyboard</tag>
<doc>Send keys to desktop, current window or to Control element
defined by given locator.</doc>
<status status="NOT RUN" starttime="20231215 15:28:20.937" endtime="20231215 15:28:20.937"/>
</kw>
<kw name="Sleep" library="BuiltIn">
<arg>3s</arg>
<doc>Pauses the test executed for the given time.</doc>
<status status="NOT RUN" starttime="20231215 15:28:20.937" endtime="20231215 15:28:20.937"/>
</kw>
<kw name="Send Keys" library="RPA.Windows">
<arg>keys={ENTER}</arg>
<tag>action</tag>
<tag>keyboard</tag>
<doc>Send keys to desktop, current window or to Control element
defined by given locator.</doc>
<status status="NOT RUN" starttime="20231215 15:28:20.937" endtime="20231215 15:28:20.937"/>
</kw>
<kw name="Click" library="RPA.Windows">
<arg>name:AVPageView</arg>
<arg>timeout=30</arg>
<tag>action</tag>
<tag>mouse</tag>
<doc>Mouse click on element matching given locator.</doc>
<status status="NOT RUN" starttime="20231215 15:28:20.937" endtime="20231215 15:28:20.937"/>
</kw>
<kw name="Send Keys" library="RPA.Windows">
<arg>keys={CTRL}{Q}</arg>
<tag>action</tag>
<tag>keyboard</tag>
<doc>Send keys to desktop, current window or to Control element
defined by given locator.</doc>
<status status="NOT RUN" starttime="20231215 15:28:20.937" endtime="20231215 15:28:20.937"/>
</kw>
<kw name="Sleep" library="BuiltIn">
<arg>2s</arg>
<doc>Pauses the test executed for the given time.</doc>
<status status="NOT RUN" starttime="20231215 15:28:20.937" endtime="20231215 15:28:20.937"/>
</kw>
<kw name="Click" library="RPA.Windows">
<arg>id:18</arg>
<tag>action</tag>
<tag>mouse</tag>
<doc>Mouse click on element matching given locator.</doc>
<status status="NOT RUN" starttime="20231215 15:28:20.937" endtime="20231215 15:28:20.937"/>
</kw>
<status status="FAIL" starttime="20231215 15:27:53.684" endtime="20231215 15:28:20.937"/>
</branch>
<status status="FAIL" starttime="20231215 15:27:53.684" endtime="20231215 15:28:20.937"/>
</if>
<kw name="Sleep" library="BuiltIn">
<arg>3s</arg>
<doc>Pauses the test executed for the given time.</doc>
<status status="NOT RUN" starttime="20231215 15:28:20.937" endtime="20231215 15:28:20.937"/>
</kw>
<status status="FAIL" starttime="20231215 15:27:20.727" endtime="20231215 15:28:20.937"/>
</branch>
<status status="FAIL" starttime="20231215 15:27:20.727" endtime="20231215 15:28:20.937"/>
</if>
<status status="FAIL" starttime="20231215 15:27:20.727" endtime="20231215 15:28:20.937"/>
</branch>
<status status="FAIL" starttime="20231215 15:27:20.727" endtime="20231215 15:28:20.937"/>
</if>
<status status="FAIL" starttime="20231215 15:27:20.711" endtime="20231215 15:28:20.937"/>
</iter>
<status status="FAIL" starttime="20231215 15:27:20.664" endtime="20231215 15:28:20.937"/>
</for>
<status status="FAIL" starttime="20231215 15:27:20.664" endtime="20231215 15:28:20.937"/>
</iter>
<status status="FAIL" starttime="20231215 15:27:20.664" endtime="20231215 15:28:20.937"/>
</for>
<kw name="Close Workbook" library="RPA.Excel.Files">
<doc>Close the active workbook.</doc>
<status status="NOT RUN" starttime="20231215 15:28:20.937" endtime="20231215 15:28:20.937"/>
</kw>
<status status="FAIL" starttime="20231215 15:27:20.602" endtime="20231215 15:28:20.937"/>
</kw>
<status status="FAIL" starttime="20231215 15:27:20.586" endtime="20231215 15:28:20.937">ElementNotFound: Element not found with locator 'name:Salir'</status>
</test>
<status status="FAIL" starttime="20231215 15:27:19.805" endtime="20231215 15:28:20.952"/>
</suite>
<statistics>
<total>
<stat pass="0" fail="1" skip="0">All Tasks</stat>
</total>
<tag>
</tag>
<suite>
<stat pass="0" fail="1" skip="0" id="s1" name="Tasks">Tasks</stat>
</suite>
</statistics>
<errors>
</errors>
</robot>
